CRITICAL - 2024-05-22 18:51:20 --> ErrorException: Undefined variable $page_title
[Method: GET, Route: calendario]
in APPPATH/Views/master/master.php on line 9.
 1 APPPATH/Views/master/master.php(9): CodeIgniter\Debug\Exceptions->errorHandler(2, 'Undefined variable $page_title', '/Users/unaibueno/Desktop/Mond/app/Views/master/master.php', 9)
 2 SYSTEMPATH/View/View.php(234): include('/Users/unaibueno/Desktop/Mond/app/Views/master/master.php')
 3 SYSTEMPATH/View/View.php(237): CodeIgniter\View\View->CodeIgniter\View\{closure}()
 4 SYSTEMPATH/View/View.php(250): CodeIgniter\View\View->render('master/master', [], true)
 5 SYSTEMPATH/Common.php(1171): CodeIgniter\View\View->render('calendario/index', [], true)
 6 APPPATH/Controllers/CalendarioController.php(9): view('calendario/index')
 7 SYSTEMPATH/CodeIgniter.php(933): App\Controllers\CalendarioController->index()
 8 SYSTEMPATH/CodeIgniter.php(509): CodeIgniter\CodeIgniter->runController(Object(App\Controllers\CalendarioController))
 9 SYSTEMPATH/CodeIgniter.php(355): CodeIgniter\CodeIgniter->handleRequest(null, Object(Config\Cache), false)
10 SYSTEMPATH/Boot.php(312): CodeIgniter\CodeIgniter->run()
11 SYSTEMPATH/Boot.php(67): CodeIgniter\Boot::runCodeIgniter(Object(CodeIgniter\CodeIgniter))
12 FCPATH/index.php(57): CodeIgniter\Boot::bootWeb(Object(Config\Paths))
13 SYSTEMPATH/Commands/Server/rewrite.php(49): require_once('/Users/unaibueno/Desktop/Mond/public/index.php')
CRITICAL - 2024-05-22 18:51:20 --> ErrorException: Uncaught Error: Call to undefined method CodeIgniter\Debug\ExceptionHandler::cleanPath() in /Users/unaibueno/Desktop/Mond/app/Views/errors/html/error_exception.php:33
Stack trace:
#0 /Users/unaibueno/Desktop/Mond/system/Debug/BaseExceptionHandler.php(266): include()
#1 /Users/unaibueno/Desktop/Mond/system/Debug/BaseExceptionHandler.php(269): CodeIgniter\Debug\BaseExceptionHandler->CodeIgniter\Debug\{closure}()
#2 /Users/unaibueno/Desktop/Mond/system/Debug/ExceptionHandler.php(114): CodeIgniter\Debug\BaseExceptionHandler->render(Object(ErrorException), 500, '/Users/unaibuen...')
#3 /Users/unaibueno/Desktop/Mond/system/Debug/Exceptions.php(163): CodeIgniter\Debug\ExceptionHandler->handle(Object(ErrorException), Object(CodeIgniter\HTTP\IncomingRequest), Object(CodeIgniter\HTTP\Response), 500, 1)
#4 [internal function]: CodeIgniter\Debug\Exceptions->exceptionHandler(Object(ErrorException))
#5 {main}
  thrown
【Previous Exception】
ErrorException
Undefined variable $page_title
#0 /Users/unaibueno/Desktop/Mond/app/Views/master/master.php(9): CodeIgniter\Debug\Exceptions->errorHandler(2, 'Undefined varia...', '/Users/unaibuen...', 9)
#1 /Users/unaibueno/Desktop/Mond/system/View/View.php(234): include('/Users/unaibuen...')
#2 /Users/unaibueno/Desktop/Mond/system/View/View.php(237): CodeIgniter\View\View->CodeIgniter\View\{closure}()
#3 /Users/unaibueno/Desktop/Mond/system/View/View.php(250): CodeIgniter\View\View->render('master/master', Array, true)
#4 /Users/unaibueno/Desktop/Mond/system/Common.php(1171): CodeIgniter\View\View->render('calendario/inde...', Array, true)
#5 /Users/unaibueno/Desktop/Mond/app/Controllers/CalendarioController.php(9): view('calendario/inde...')
#6 /Users/unaibueno/Desktop/Mond/system/CodeIgniter.php(933): App\Controllers\CalendarioController->index()
#7 /Users/unaibueno/Desktop/Mond/system/CodeIgniter.php(509): CodeIgniter\CodeIgniter->runController(Object(App\Controllers\CalendarioController))
#8 /Users/unaibueno/Desktop/Mond/system/CodeIgniter.php(355): CodeIgniter\CodeIgniter->handleRequest(NULL, Object(Config\Cache), false)
#9 /Users/unaibueno/Desktop/Mond/system/Boot.php(312): CodeIgniter\CodeIgniter->run()
#10 /Users/unaibueno/Desktop/Mond/system/Boot.php(67): CodeIgniter\Boot::runCodeIgniter(Object(CodeIgniter\CodeIgniter))
#11 /Users/unaibueno/Desktop/Mond/public/index.php(57): CodeIgniter\Boot::bootWeb(Object(Config\Paths))
#12 /Users/unaibueno/Desktop/Mond/system/Commands/Server/rewrite.php(49): require_once('/Users/unaibuen...')
#13 {main}
[Method: GET, Route: calendario]
in APPPATH/Views/errors/html/error_exception.php on line 33.
 1 [internal function]: CodeIgniter\Debug\Exceptions->shutdownHandler()
