WARNING - 2024-05-13 15:13:39 --> [DEPRECATED] Creation of dynamic property App\Controllers\TareasController::$modelConvocatorias is deprecated in APPPATH/Controllers/TareasController.php on line 10.
 1 SYSTEMPATH/CodeIgniter.php(903): App\Controllers\TareasController->__construct()
 2 SYSTEMPATH/CodeIgniter.php(500): CodeIgniter\CodeIgniter->createController()
 3 SYSTEMPATH/CodeIgniter.php(355): CodeIgniter\CodeIgniter->handleRequest(null, Object(Config\Cache), false)
 4 SYSTEMPATH/Boot.php(312): CodeIgniter\CodeIgniter->run()
 5 SYSTEMPATH/Boot.php(67): CodeIgniter\Boot::runCodeIgniter(Object(CodeIgniter\CodeIgniter))
 6 FCPATH/index.php(58): CodeIgniter\Boot::bootWeb(Object(Config\Paths))
 7 SYSTEMPATH/Commands/Server/rewrite.php(49): require_once('/Users/unaibueno/Desktop/Mond/public/index.php')
WARNING - 2024-05-13 15:14:10 --> [DEPRECATED] Creation of dynamic property App\Controllers\TareasController::$modelConvocatorias is deprecated in APPPATH/Controllers/TareasController.php on line 10.
 1 SYSTEMPATH/CodeIgniter.php(903): App\Controllers\TareasController->__construct()
 2 SYSTEMPATH/CodeIgniter.php(500): CodeIgniter\CodeIgniter->createController()
 3 SYSTEMPATH/CodeIgniter.php(355): CodeIgniter\CodeIgniter->handleRequest(null, Object(Config\Cache), false)
 4 SYSTEMPATH/Boot.php(312): CodeIgniter\CodeIgniter->run()
 5 SYSTEMPATH/Boot.php(67): CodeIgniter\Boot::runCodeIgniter(Object(CodeIgniter\CodeIgniter))
 6 FCPATH/index.php(58): CodeIgniter\Boot::bootWeb(Object(Config\Paths))
 7 SYSTEMPATH/Commands/Server/rewrite.php(49): require_once('/Users/unaibueno/Desktop/Mond/public/index.php')
WARNING - 2024-05-13 15:15:01 --> [DEPRECATED] Creation of dynamic property App\Controllers\TareasController::$modelConvocatorias is deprecated in APPPATH/Controllers/TareasController.php on line 10.
 1 SYSTEMPATH/CodeIgniter.php(903): App\Controllers\TareasController->__construct()
 2 SYSTEMPATH/CodeIgniter.php(500): CodeIgniter\CodeIgniter->createController()
 3 SYSTEMPATH/CodeIgniter.php(355): CodeIgniter\CodeIgniter->handleRequest(null, Object(Config\Cache), false)
 4 SYSTEMPATH/Boot.php(312): CodeIgniter\CodeIgniter->run()
 5 SYSTEMPATH/Boot.php(67): CodeIgniter\Boot::runCodeIgniter(Object(CodeIgniter\CodeIgniter))
 6 FCPATH/index.php(58): CodeIgniter\Boot::bootWeb(Object(Config\Paths))
 7 SYSTEMPATH/Commands/Server/rewrite.php(49): require_once('/Users/unaibueno/Desktop/Mond/public/index.php')
WARNING - 2024-05-13 15:15:02 --> [DEPRECATED] Creation of dynamic property App\Controllers\TareasController::$modelConvocatorias is deprecated in APPPATH/Controllers/TareasController.php on line 10.
 1 SYSTEMPATH/CodeIgniter.php(903): App\Controllers\TareasController->__construct()
 2 SYSTEMPATH/CodeIgniter.php(500): CodeIgniter\CodeIgniter->createController()
 3 SYSTEMPATH/CodeIgniter.php(355): CodeIgniter\CodeIgniter->handleRequest(null, Object(Config\Cache), false)
 4 SYSTEMPATH/Boot.php(312): CodeIgniter\CodeIgniter->run()
 5 SYSTEMPATH/Boot.php(67): CodeIgniter\Boot::runCodeIgniter(Object(CodeIgniter\CodeIgniter))
 6 FCPATH/index.php(58): CodeIgniter\Boot::bootWeb(Object(Config\Paths))
 7 SYSTEMPATH/Commands/Server/rewrite.php(49): require_once('/Users/unaibueno/Desktop/Mond/public/index.php')
WARNING - 2024-05-13 15:15:03 --> [DEPRECATED] Creation of dynamic property App\Controllers\TareasController::$modelConvocatorias is deprecated in APPPATH/Controllers/TareasController.php on line 10.
 1 SYSTEMPATH/CodeIgniter.php(903): App\Controllers\TareasController->__construct()
 2 SYSTEMPATH/CodeIgniter.php(500): CodeIgniter\CodeIgniter->createController()
 3 SYSTEMPATH/CodeIgniter.php(355): CodeIgniter\CodeIgniter->handleRequest(null, Object(Config\Cache), false)
 4 SYSTEMPATH/Boot.php(312): CodeIgniter\CodeIgniter->run()
 5 SYSTEMPATH/Boot.php(67): CodeIgniter\Boot::runCodeIgniter(Object(CodeIgniter\CodeIgniter))
 6 FCPATH/index.php(58): CodeIgniter\Boot::bootWeb(Object(Config\Paths))
 7 SYSTEMPATH/Commands/Server/rewrite.php(49): require_once('/Users/unaibueno/Desktop/Mond/public/index.php')
WARNING - 2024-05-13 15:15:24 --> [DEPRECATED] Creation of dynamic property App\Controllers\TareasController::$modelConvocatorias is deprecated in APPPATH/Controllers/TareasController.php on line 10.
 1 SYSTEMPATH/CodeIgniter.php(903): App\Controllers\TareasController->__construct()
 2 SYSTEMPATH/CodeIgniter.php(500): CodeIgniter\CodeIgniter->createController()
 3 SYSTEMPATH/CodeIgniter.php(355): CodeIgniter\CodeIgniter->handleRequest(null, Object(Config\Cache), false)
 4 SYSTEMPATH/Boot.php(312): CodeIgniter\CodeIgniter->run()
 5 SYSTEMPATH/Boot.php(67): CodeIgniter\Boot::runCodeIgniter(Object(CodeIgniter\CodeIgniter))
 6 FCPATH/index.php(58): CodeIgniter\Boot::bootWeb(Object(Config\Paths))
 7 SYSTEMPATH/Commands/Server/rewrite.php(49): require_once('/Users/unaibueno/Desktop/Mond/public/index.php')
WARNING - 2024-05-13 15:17:58 --> [DEPRECATED] Creation of dynamic property App\Controllers\TareasController::$modelConvocatorias is deprecated in APPPATH/Controllers/TareasController.php on line 10.
 1 SYSTEMPATH/CodeIgniter.php(903): App\Controllers\TareasController->__construct()
 2 SYSTEMPATH/CodeIgniter.php(500): CodeIgniter\CodeIgniter->createController()
 3 SYSTEMPATH/CodeIgniter.php(355): CodeIgniter\CodeIgniter->handleRequest(null, Object(Config\Cache), false)
 4 SYSTEMPATH/Boot.php(312): CodeIgniter\CodeIgniter->run()
 5 SYSTEMPATH/Boot.php(67): CodeIgniter\Boot::runCodeIgniter(Object(CodeIgniter\CodeIgniter))
 6 FCPATH/index.php(58): CodeIgniter\Boot::bootWeb(Object(Config\Paths))
 7 SYSTEMPATH/Commands/Server/rewrite.php(49): require_once('/Users/unaibueno/Desktop/Mond/public/index.php')
WARNING - 2024-05-13 15:19:27 --> [DEPRECATED] Creation of dynamic property App\Controllers\TareasController::$modelConvocatorias is deprecated in APPPATH/Controllers/TareasController.php on line 10.
 1 SYSTEMPATH/CodeIgniter.php(903): App\Controllers\TareasController->__construct()
 2 SYSTEMPATH/CodeIgniter.php(500): CodeIgniter\CodeIgniter->createController()
 3 SYSTEMPATH/CodeIgniter.php(355): CodeIgniter\CodeIgniter->handleRequest(null, Object(Config\Cache), false)
 4 SYSTEMPATH/Boot.php(312): CodeIgniter\CodeIgniter->run()
 5 SYSTEMPATH/Boot.php(67): CodeIgniter\Boot::runCodeIgniter(Object(CodeIgniter\CodeIgniter))
 6 FCPATH/index.php(58): CodeIgniter\Boot::bootWeb(Object(Config\Paths))
 7 SYSTEMPATH/Commands/Server/rewrite.php(49): require_once('/Users/unaibueno/Desktop/Mond/public/index.php')
WARNING - 2024-05-13 15:19:33 --> [DEPRECATED] Creation of dynamic property App\Controllers\TareasController::$modelConvocatorias is deprecated in APPPATH/Controllers/TareasController.php on line 10.
 1 SYSTEMPATH/CodeIgniter.php(903): App\Controllers\TareasController->__construct()
 2 SYSTEMPATH/CodeIgniter.php(500): CodeIgniter\CodeIgniter->createController()
 3 SYSTEMPATH/CodeIgniter.php(355): CodeIgniter\CodeIgniter->handleRequest(null, Object(Config\Cache), false)
 4 SYSTEMPATH/Boot.php(312): CodeIgniter\CodeIgniter->run()
 5 SYSTEMPATH/Boot.php(67): CodeIgniter\Boot::runCodeIgniter(Object(CodeIgniter\CodeIgniter))
 6 FCPATH/index.php(58): CodeIgniter\Boot::bootWeb(Object(Config\Paths))
 7 SYSTEMPATH/Commands/Server/rewrite.php(49): require_once('/Users/unaibueno/Desktop/Mond/public/index.php')
WARNING - 2024-05-13 15:19:36 --> [DEPRECATED] Creation of dynamic property App\Controllers\TareasController::$modelConvocatorias is deprecated in APPPATH/Controllers/TareasController.php on line 10.
 1 SYSTEMPATH/CodeIgniter.php(903): App\Controllers\TareasController->__construct()
 2 SYSTEMPATH/CodeIgniter.php(500): CodeIgniter\CodeIgniter->createController()
 3 SYSTEMPATH/CodeIgniter.php(355): CodeIgniter\CodeIgniter->handleRequest(null, Object(Config\Cache), false)
 4 SYSTEMPATH/Boot.php(312): CodeIgniter\CodeIgniter->run()
 5 SYSTEMPATH/Boot.php(67): CodeIgniter\Boot::runCodeIgniter(Object(CodeIgniter\CodeIgniter))
 6 FCPATH/index.php(58): CodeIgniter\Boot::bootWeb(Object(Config\Paths))
 7 SYSTEMPATH/Commands/Server/rewrite.php(49): require_once('/Users/unaibueno/Desktop/Mond/public/index.php')
WARNING - 2024-05-13 15:20:59 --> [DEPRECATED] Creation of dynamic property App\Controllers\TareasController::$modelConvocatorias is deprecated in APPPATH/Controllers/TareasController.php on line 10.
 1 SYSTEMPATH/CodeIgniter.php(903): App\Controllers\TareasController->__construct()
 2 SYSTEMPATH/CodeIgniter.php(500): CodeIgniter\CodeIgniter->createController()
 3 SYSTEMPATH/CodeIgniter.php(355): CodeIgniter\CodeIgniter->handleRequest(null, Object(Config\Cache), false)
 4 SYSTEMPATH/Boot.php(312): CodeIgniter\CodeIgniter->run()
 5 SYSTEMPATH/Boot.php(67): CodeIgniter\Boot::runCodeIgniter(Object(CodeIgniter\CodeIgniter))
 6 FCPATH/index.php(58): CodeIgniter\Boot::bootWeb(Object(Config\Paths))
 7 SYSTEMPATH/Commands/Server/rewrite.php(49): require_once('/Users/unaibueno/Desktop/Mond/public/index.php')
WARNING - 2024-05-13 15:21:01 --> [DEPRECATED] Creation of dynamic property App\Controllers\TareasController::$modelConvocatorias is deprecated in APPPATH/Controllers/TareasController.php on line 10.
 1 SYSTEMPATH/CodeIgniter.php(903): App\Controllers\TareasController->__construct()
 2 SYSTEMPATH/CodeIgniter.php(500): CodeIgniter\CodeIgniter->createController()
 3 SYSTEMPATH/CodeIgniter.php(355): CodeIgniter\CodeIgniter->handleRequest(null, Object(Config\Cache), false)
 4 SYSTEMPATH/Boot.php(312): CodeIgniter\CodeIgniter->run()
 5 SYSTEMPATH/Boot.php(67): CodeIgniter\Boot::runCodeIgniter(Object(CodeIgniter\CodeIgniter))
 6 FCPATH/index.php(58): CodeIgniter\Boot::bootWeb(Object(Config\Paths))
 7 SYSTEMPATH/Commands/Server/rewrite.php(49): require_once('/Users/unaibueno/Desktop/Mond/public/index.php')
WARNING - 2024-05-13 15:22:19 --> [DEPRECATED] Creation of dynamic property App\Controllers\TareasController::$modelConvocatorias is deprecated in APPPATH/Controllers/TareasController.php on line 10.
 1 SYSTEMPATH/CodeIgniter.php(903): App\Controllers\TareasController->__construct()
 2 SYSTEMPATH/CodeIgniter.php(500): CodeIgniter\CodeIgniter->createController()
 3 SYSTEMPATH/CodeIgniter.php(355): CodeIgniter\CodeIgniter->handleRequest(null, Object(Config\Cache), false)
 4 SYSTEMPATH/Boot.php(312): CodeIgniter\CodeIgniter->run()
 5 SYSTEMPATH/Boot.php(67): CodeIgniter\Boot::runCodeIgniter(Object(CodeIgniter\CodeIgniter))
 6 FCPATH/index.php(58): CodeIgniter\Boot::bootWeb(Object(Config\Paths))
 7 SYSTEMPATH/Commands/Server/rewrite.php(49): require_once('/Users/unaibueno/Desktop/Mond/public/index.php')
CRITICAL - 2024-05-13 15:23:36 --> CodeIgniter\HTTP\Exceptions\BadRequestException: The URI you submitted has disallowed characters: "@fortawesome"
[Method: GET, Route: vendor/@fortawesome/fontawesome-free/css/all.min.css]
in SYSTEMPATH/Router/Router.php on line 736.
 1 SYSTEMPATH/Router/Router.php(203): CodeIgniter\Router\Router->checkDisallowedChars('vendor/@fortawesome/fontawesome-free/css/all.min.css')
 2 SYSTEMPATH/CodeIgniter.php(834): CodeIgniter\Router\Router->handle('vendor/@fortawesome/fontawesome-free/css/all.min.css')
 3 SYSTEMPATH/CodeIgniter.php(457): CodeIgniter\CodeIgniter->tryToRouteIt(Object(CodeIgniter\Router\RouteCollection))
 4 SYSTEMPATH/CodeIgniter.php(355): CodeIgniter\CodeIgniter->handleRequest(null, Object(Config\Cache), false)
 5 SYSTEMPATH/Boot.php(312): CodeIgniter\CodeIgniter->run()
 6 SYSTEMPATH/Boot.php(67): CodeIgniter\Boot::runCodeIgniter(Object(CodeIgniter\CodeIgniter))
 7 FCPATH/index.php(58): CodeIgniter\Boot::bootWeb(Object(Config\Paths))
 8 SYSTEMPATH/Commands/Server/rewrite.php(49): require_once('/Users/unaibueno/Desktop/Mond/public/index.php')
CRITICAL - 2024-05-13 15:28:51 --> CodeIgniter\HTTP\Exceptions\BadRequestException: The URI you submitted has disallowed characters: "@fortawesome"
[Method: GET, Route: vendor/@fortawesome/fontawesome-free/css/all.min.css]
in SYSTEMPATH/Router/Router.php on line 736.
 1 SYSTEMPATH/Router/Router.php(203): CodeIgniter\Router\Router->checkDisallowedChars('vendor/@fortawesome/fontawesome-free/css/all.min.css')
 2 SYSTEMPATH/CodeIgniter.php(834): CodeIgniter\Router\Router->handle('vendor/@fortawesome/fontawesome-free/css/all.min.css')
 3 SYSTEMPATH/CodeIgniter.php(457): CodeIgniter\CodeIgniter->tryToRouteIt(Object(CodeIgniter\Router\RouteCollection))
 4 SYSTEMPATH/CodeIgniter.php(355): CodeIgniter\CodeIgniter->handleRequest(null, Object(Config\Cache), false)
 5 SYSTEMPATH/Boot.php(312): CodeIgniter\CodeIgniter->run()
 6 SYSTEMPATH/Boot.php(67): CodeIgniter\Boot::runCodeIgniter(Object(CodeIgniter\CodeIgniter))
 7 FCPATH/index.php(58): CodeIgniter\Boot::bootWeb(Object(Config\Paths))
 8 SYSTEMPATH/Commands/Server/rewrite.php(49): require_once('/Users/unaibueno/Desktop/Mond/public/index.php')
CRITICAL - 2024-05-13 15:28:56 --> CodeIgniter\HTTP\Exceptions\BadRequestException: The URI you submitted has disallowed characters: "@fortawesome"
[Method: GET, Route: vendor/@fortawesome/fontawesome-free/css/all.min.css]
in SYSTEMPATH/Router/Router.php on line 736.
 1 SYSTEMPATH/Router/Router.php(203): CodeIgniter\Router\Router->checkDisallowedChars('vendor/@fortawesome/fontawesome-free/css/all.min.css')
 2 SYSTEMPATH/CodeIgniter.php(834): CodeIgniter\Router\Router->handle('vendor/@fortawesome/fontawesome-free/css/all.min.css')
 3 SYSTEMPATH/CodeIgniter.php(457): CodeIgniter\CodeIgniter->tryToRouteIt(Object(CodeIgniter\Router\RouteCollection))
 4 SYSTEMPATH/CodeIgniter.php(355): CodeIgniter\CodeIgniter->handleRequest(null, Object(Config\Cache), false)
 5 SYSTEMPATH/Boot.php(312): CodeIgniter\CodeIgniter->run()
 6 SYSTEMPATH/Boot.php(67): CodeIgniter\Boot::runCodeIgniter(Object(CodeIgniter\CodeIgniter))
 7 FCPATH/index.php(58): CodeIgniter\Boot::bootWeb(Object(Config\Paths))
 8 SYSTEMPATH/Commands/Server/rewrite.php(49): require_once('/Users/unaibueno/Desktop/Mond/public/index.php')
WARNING - 2024-05-13 15:29:11 --> [DEPRECATED] Creation of dynamic property App\Controllers\TareasController::$modelConvocatorias is deprecated in APPPATH/Controllers/TareasController.php on line 10.
 1 SYSTEMPATH/CodeIgniter.php(903): App\Controllers\TareasController->__construct()
 2 SYSTEMPATH/CodeIgniter.php(500): CodeIgniter\CodeIgniter->createController()
 3 SYSTEMPATH/CodeIgniter.php(355): CodeIgniter\CodeIgniter->handleRequest(null, Object(Config\Cache), false)
 4 SYSTEMPATH/Boot.php(312): CodeIgniter\CodeIgniter->run()
 5 SYSTEMPATH/Boot.php(67): CodeIgniter\Boot::runCodeIgniter(Object(CodeIgniter\CodeIgniter))
 6 FCPATH/index.php(58): CodeIgniter\Boot::bootWeb(Object(Config\Paths))
 7 SYSTEMPATH/Commands/Server/rewrite.php(49): require_once('/Users/unaibueno/Desktop/Mond/public/index.php')
CRITICAL - 2024-05-13 18:02:31 --> CodeIgniter\HTTP\Exceptions\BadRequestException: The URI you submitted has disallowed characters: "@fortawesome"
[Method: GET, Route: vendor/@fortawesome/fontawesome-free/css/all.min.css]
in SYSTEMPATH/Router/Router.php on line 736.
 1 SYSTEMPATH/Router/Router.php(203): CodeIgniter\Router\Router->checkDisallowedChars('vendor/@fortawesome/fontawesome-free/css/all.min.css')
 2 SYSTEMPATH/CodeIgniter.php(834): CodeIgniter\Router\Router->handle('vendor/@fortawesome/fontawesome-free/css/all.min.css')
 3 SYSTEMPATH/CodeIgniter.php(457): CodeIgniter\CodeIgniter->tryToRouteIt(Object(CodeIgniter\Router\RouteCollection))
 4 SYSTEMPATH/CodeIgniter.php(355): CodeIgniter\CodeIgniter->handleRequest(null, Object(Config\Cache), false)
 5 SYSTEMPATH/Boot.php(312): CodeIgniter\CodeIgniter->run()
 6 SYSTEMPATH/Boot.php(67): CodeIgniter\Boot::runCodeIgniter(Object(CodeIgniter\CodeIgniter))
 7 FCPATH/index.php(58): CodeIgniter\Boot::bootWeb(Object(Config\Paths))
 8 SYSTEMPATH/Commands/Server/rewrite.php(49): require_once('/Users/unaibueno/Desktop/Mond/public/index.php')
