WARNING - 2024-05-16 19:57:00 --> [DEPRECATED] Creation of dynamic property App\Controllers\TareasController::$modelConvocatorias is deprecated in APPPATH/Controllers/TareasController.php on line 10.
 1 SYSTEMPATH/CodeIgniter.php(903): App\Controllers\TareasController->__construct()
 2 SYSTEMPATH/CodeIgniter.php(500): CodeIgniter\CodeIgniter->createController()
 3 SYSTEMPATH/CodeIgniter.php(355): CodeIgniter\CodeIgniter->handleRequest(null, Object(Config\Cache), false)
 4 SYSTEMPATH/Boot.php(312): CodeIgniter\CodeIgniter->run()
 5 SYSTEMPATH/Boot.php(67): CodeIgniter\Boot::runCodeIgniter(Object(CodeIgniter\CodeIgniter))
 6 FCPATH/index.php(57): CodeIgniter\Boot::bootWeb(Object(Config\Paths))
 7 SYSTEMPATH/Commands/Server/rewrite.php(49): require_once('/Users/unaibueno/Desktop/Mond/public/index.php')
CRITICAL - 2024-05-16 19:57:00 --> Error: Call to a member function getTemporizador() on null
[Method: GET, Route: tareas]
in APPPATH/Controllers/TareasController.php on line 20.
 1 SYSTEMPATH/CodeIgniter.php(933): App\Controllers\TareasController->index()
 2 SYSTEMPATH/CodeIgniter.php(509): CodeIgniter\CodeIgniter->runController(Object(App\Controllers\TareasController))
 3 SYSTEMPATH/CodeIgniter.php(355): CodeIgniter\CodeIgniter->handleRequest(null, Object(Config\Cache), false)
 4 SYSTEMPATH/Boot.php(312): CodeIgniter\CodeIgniter->run()
 5 SYSTEMPATH/Boot.php(67): CodeIgniter\Boot::runCodeIgniter(Object(CodeIgniter\CodeIgniter))
 6 FCPATH/index.php(57): CodeIgniter\Boot::bootWeb(Object(Config\Paths))
 7 SYSTEMPATH/Commands/Server/rewrite.php(49): require_once('/Users/unaibueno/Desktop/Mond/public/index.php')
CRITICAL - 2024-05-16 19:57:00 --> ErrorException: Uncaught Error: Call to undefined method CodeIgniter\Debug\ExceptionHandler::cleanPath() in /Users/unaibueno/Desktop/Mond/app/Views/errors/html/error_exception.php:33
Stack trace:
#0 /Users/unaibueno/Desktop/Mond/system/Debug/BaseExceptionHandler.php(266): include()
#1 /Users/unaibueno/Desktop/Mond/system/Debug/BaseExceptionHandler.php(269): CodeIgniter\Debug\BaseExceptionHandler->CodeIgniter\Debug\{closure}()
#2 /Users/unaibueno/Desktop/Mond/system/Debug/ExceptionHandler.php(114): CodeIgniter\Debug\BaseExceptionHandler->render(Object(Error), 500, '/Users/unaibuen...')
#3 /Users/unaibueno/Desktop/Mond/system/Debug/Exceptions.php(163): CodeIgniter\Debug\ExceptionHandler->handle(Object(Error), Object(CodeIgniter\HTTP\IncomingRequest), Object(CodeIgniter\HTTP\Response), 500, 1)
#4 [internal function]: CodeIgniter\Debug\Exceptions->exceptionHandler(Object(Error))
#5 {main}
  thrown
【Previous Exception】
Error
Call to a member function getTemporizador() on null
#0 /Users/unaibueno/Desktop/Mond/system/CodeIgniter.php(933): App\Controllers\TareasController->index()
#1 /Users/unaibueno/Desktop/Mond/system/CodeIgniter.php(509): CodeIgniter\CodeIgniter->runController(Object(App\Controllers\TareasController))
#2 /Users/unaibueno/Desktop/Mond/system/CodeIgniter.php(355): CodeIgniter\CodeIgniter->handleRequest(NULL, Object(Config\Cache), false)
#3 /Users/unaibueno/Desktop/Mond/system/Boot.php(312): CodeIgniter\CodeIgniter->run()
#4 /Users/unaibueno/Desktop/Mond/system/Boot.php(67): CodeIgniter\Boot::runCodeIgniter(Object(CodeIgniter\CodeIgniter))
#5 /Users/unaibueno/Desktop/Mond/public/index.php(57): CodeIgniter\Boot::bootWeb(Object(Config\Paths))
#6 /Users/unaibueno/Desktop/Mond/system/Commands/Server/rewrite.php(49): require_once('/Users/unaibuen...')
#7 {main}
[Method: GET, Route: tareas]
in APPPATH/Views/errors/html/error_exception.php on line 33.
 1 [internal function]: CodeIgniter\Debug\Exceptions->shutdownHandler()
WARNING - 2024-05-16 19:57:00 --> [DEPRECATED] Creation of dynamic property App\Controllers\TareasController::$modelConvocatorias is deprecated in APPPATH/Controllers/TareasController.php on line 10.
 1 SYSTEMPATH/CodeIgniter.php(903): App\Controllers\TareasController->__construct()
 2 SYSTEMPATH/CodeIgniter.php(500): CodeIgniter\CodeIgniter->createController()
 3 SYSTEMPATH/CodeIgniter.php(355): CodeIgniter\CodeIgniter->handleRequest(null, Object(Config\Cache), false)
 4 SYSTEMPATH/Boot.php(312): CodeIgniter\CodeIgniter->run()
 5 SYSTEMPATH/Boot.php(67): CodeIgniter\Boot::runCodeIgniter(Object(CodeIgniter\CodeIgniter))
 6 FCPATH/index.php(57): CodeIgniter\Boot::bootWeb(Object(Config\Paths))
 7 SYSTEMPATH/Commands/Server/rewrite.php(49): require_once('/Users/unaibueno/Desktop/Mond/public/index.php')
CRITICAL - 2024-05-16 19:57:00 --> Error: Call to a member function getTemporizador() on null
[Method: GET, Route: tareas]
in APPPATH/Controllers/TareasController.php on line 20.
 1 SYSTEMPATH/CodeIgniter.php(933): App\Controllers\TareasController->index()
 2 SYSTEMPATH/CodeIgniter.php(509): CodeIgniter\CodeIgniter->runController(Object(App\Controllers\TareasController))
 3 SYSTEMPATH/CodeIgniter.php(355): CodeIgniter\CodeIgniter->handleRequest(null, Object(Config\Cache), false)
 4 SYSTEMPATH/Boot.php(312): CodeIgniter\CodeIgniter->run()
 5 SYSTEMPATH/Boot.php(67): CodeIgniter\Boot::runCodeIgniter(Object(CodeIgniter\CodeIgniter))
 6 FCPATH/index.php(57): CodeIgniter\Boot::bootWeb(Object(Config\Paths))
 7 SYSTEMPATH/Commands/Server/rewrite.php(49): require_once('/Users/unaibueno/Desktop/Mond/public/index.php')
CRITICAL - 2024-05-16 19:57:00 --> ErrorException: Uncaught Error: Call to undefined method CodeIgniter\Debug\ExceptionHandler::cleanPath() in /Users/unaibueno/Desktop/Mond/app/Views/errors/html/error_exception.php:33
Stack trace:
#0 /Users/unaibueno/Desktop/Mond/system/Debug/BaseExceptionHandler.php(266): include()
#1 /Users/unaibueno/Desktop/Mond/system/Debug/BaseExceptionHandler.php(269): CodeIgniter\Debug\BaseExceptionHandler->CodeIgniter\Debug\{closure}()
#2 /Users/unaibueno/Desktop/Mond/system/Debug/ExceptionHandler.php(114): CodeIgniter\Debug\BaseExceptionHandler->render(Object(Error), 500, '/Users/unaibuen...')
#3 /Users/unaibueno/Desktop/Mond/system/Debug/Exceptions.php(163): CodeIgniter\Debug\ExceptionHandler->handle(Object(Error), Object(CodeIgniter\HTTP\IncomingRequest), Object(CodeIgniter\HTTP\Response), 500, 1)
#4 [internal function]: CodeIgniter\Debug\Exceptions->exceptionHandler(Object(Error))
#5 {main}
  thrown
【Previous Exception】
Error
Call to a member function getTemporizador() on null
#0 /Users/unaibueno/Desktop/Mond/system/CodeIgniter.php(933): App\Controllers\TareasController->index()
#1 /Users/unaibueno/Desktop/Mond/system/CodeIgniter.php(509): CodeIgniter\CodeIgniter->runController(Object(App\Controllers\TareasController))
#2 /Users/unaibueno/Desktop/Mond/system/CodeIgniter.php(355): CodeIgniter\CodeIgniter->handleRequest(NULL, Object(Config\Cache), false)
#3 /Users/unaibueno/Desktop/Mond/system/Boot.php(312): CodeIgniter\CodeIgniter->run()
#4 /Users/unaibueno/Desktop/Mond/system/Boot.php(67): CodeIgniter\Boot::runCodeIgniter(Object(CodeIgniter\CodeIgniter))
#5 /Users/unaibueno/Desktop/Mond/public/index.php(57): CodeIgniter\Boot::bootWeb(Object(Config\Paths))
#6 /Users/unaibueno/Desktop/Mond/system/Commands/Server/rewrite.php(49): require_once('/Users/unaibuen...')
#7 {main}
[Method: GET, Route: tareas]
in APPPATH/Views/errors/html/error_exception.php on line 33.
 1 [internal function]: CodeIgniter\Debug\Exceptions->shutdownHandler()
WARNING - 2024-05-16 19:57:01 --> [DEPRECATED] Creation of dynamic property App\Controllers\TareasController::$modelConvocatorias is deprecated in APPPATH/Controllers/TareasController.php on line 10.
 1 SYSTEMPATH/CodeIgniter.php(903): App\Controllers\TareasController->__construct()
 2 SYSTEMPATH/CodeIgniter.php(500): CodeIgniter\CodeIgniter->createController()
 3 SYSTEMPATH/CodeIgniter.php(355): CodeIgniter\CodeIgniter->handleRequest(null, Object(Config\Cache), false)
 4 SYSTEMPATH/Boot.php(312): CodeIgniter\CodeIgniter->run()
 5 SYSTEMPATH/Boot.php(67): CodeIgniter\Boot::runCodeIgniter(Object(CodeIgniter\CodeIgniter))
 6 FCPATH/index.php(57): CodeIgniter\Boot::bootWeb(Object(Config\Paths))
 7 SYSTEMPATH/Commands/Server/rewrite.php(49): require_once('/Users/unaibueno/Desktop/Mond/public/index.php')
CRITICAL - 2024-05-16 19:57:01 --> Error: Call to a member function getTemporizador() on null
[Method: GET, Route: tareas]
in APPPATH/Controllers/TareasController.php on line 20.
 1 SYSTEMPATH/CodeIgniter.php(933): App\Controllers\TareasController->index()
 2 SYSTEMPATH/CodeIgniter.php(509): CodeIgniter\CodeIgniter->runController(Object(App\Controllers\TareasController))
 3 SYSTEMPATH/CodeIgniter.php(355): CodeIgniter\CodeIgniter->handleRequest(null, Object(Config\Cache), false)
 4 SYSTEMPATH/Boot.php(312): CodeIgniter\CodeIgniter->run()
 5 SYSTEMPATH/Boot.php(67): CodeIgniter\Boot::runCodeIgniter(Object(CodeIgniter\CodeIgniter))
 6 FCPATH/index.php(57): CodeIgniter\Boot::bootWeb(Object(Config\Paths))
 7 SYSTEMPATH/Commands/Server/rewrite.php(49): require_once('/Users/unaibueno/Desktop/Mond/public/index.php')
CRITICAL - 2024-05-16 19:57:01 --> ErrorException: Uncaught Error: Call to undefined method CodeIgniter\Debug\ExceptionHandler::cleanPath() in /Users/unaibueno/Desktop/Mond/app/Views/errors/html/error_exception.php:33
Stack trace:
#0 /Users/unaibueno/Desktop/Mond/system/Debug/BaseExceptionHandler.php(266): include()
#1 /Users/unaibueno/Desktop/Mond/system/Debug/BaseExceptionHandler.php(269): CodeIgniter\Debug\BaseExceptionHandler->CodeIgniter\Debug\{closure}()
#2 /Users/unaibueno/Desktop/Mond/system/Debug/ExceptionHandler.php(114): CodeIgniter\Debug\BaseExceptionHandler->render(Object(Error), 500, '/Users/unaibuen...')
#3 /Users/unaibueno/Desktop/Mond/system/Debug/Exceptions.php(163): CodeIgniter\Debug\ExceptionHandler->handle(Object(Error), Object(CodeIgniter\HTTP\IncomingRequest), Object(CodeIgniter\HTTP\Response), 500, 1)
#4 [internal function]: CodeIgniter\Debug\Exceptions->exceptionHandler(Object(Error))
#5 {main}
  thrown
【Previous Exception】
Error
Call to a member function getTemporizador() on null
#0 /Users/unaibueno/Desktop/Mond/system/CodeIgniter.php(933): App\Controllers\TareasController->index()
#1 /Users/unaibueno/Desktop/Mond/system/CodeIgniter.php(509): CodeIgniter\CodeIgniter->runController(Object(App\Controllers\TareasController))
#2 /Users/unaibueno/Desktop/Mond/system/CodeIgniter.php(355): CodeIgniter\CodeIgniter->handleRequest(NULL, Object(Config\Cache), false)
#3 /Users/unaibueno/Desktop/Mond/system/Boot.php(312): CodeIgniter\CodeIgniter->run()
#4 /Users/unaibueno/Desktop/Mond/system/Boot.php(67): CodeIgniter\Boot::runCodeIgniter(Object(CodeIgniter\CodeIgniter))
#5 /Users/unaibueno/Desktop/Mond/public/index.php(57): CodeIgniter\Boot::bootWeb(Object(Config\Paths))
#6 /Users/unaibueno/Desktop/Mond/system/Commands/Server/rewrite.php(49): require_once('/Users/unaibuen...')
#7 {main}
[Method: GET, Route: tareas]
in APPPATH/Views/errors/html/error_exception.php on line 33.
 1 [internal function]: CodeIgniter\Debug\Exceptions->shutdownHandler()
WARNING - 2024-05-16 19:57:06 --> [DEPRECATED] Creation of dynamic property App\Controllers\TareasController::$modelConvocatorias is deprecated in APPPATH/Controllers/TareasController.php on line 10.
 1 SYSTEMPATH/CodeIgniter.php(903): App\Controllers\TareasController->__construct()
 2 SYSTEMPATH/CodeIgniter.php(500): CodeIgniter\CodeIgniter->createController()
 3 SYSTEMPATH/CodeIgniter.php(355): CodeIgniter\CodeIgniter->handleRequest(null, Object(Config\Cache), false)
 4 SYSTEMPATH/Boot.php(312): CodeIgniter\CodeIgniter->run()
 5 SYSTEMPATH/Boot.php(67): CodeIgniter\Boot::runCodeIgniter(Object(CodeIgniter\CodeIgniter))
 6 FCPATH/index.php(57): CodeIgniter\Boot::bootWeb(Object(Config\Paths))
 7 SYSTEMPATH/Commands/Server/rewrite.php(49): require_once('/Users/unaibueno/Desktop/Mond/public/index.php')
CRITICAL - 2024-05-16 19:57:06 --> Error: Call to a member function getTemporizador() on null
[Method: GET, Route: tareas]
in APPPATH/Controllers/TareasController.php on line 20.
 1 SYSTEMPATH/CodeIgniter.php(933): App\Controllers\TareasController->index()
 2 SYSTEMPATH/CodeIgniter.php(509): CodeIgniter\CodeIgniter->runController(Object(App\Controllers\TareasController))
 3 SYSTEMPATH/CodeIgniter.php(355): CodeIgniter\CodeIgniter->handleRequest(null, Object(Config\Cache), false)
 4 SYSTEMPATH/Boot.php(312): CodeIgniter\CodeIgniter->run()
 5 SYSTEMPATH/Boot.php(67): CodeIgniter\Boot::runCodeIgniter(Object(CodeIgniter\CodeIgniter))
 6 FCPATH/index.php(57): CodeIgniter\Boot::bootWeb(Object(Config\Paths))
 7 SYSTEMPATH/Commands/Server/rewrite.php(49): require_once('/Users/unaibueno/Desktop/Mond/public/index.php')
CRITICAL - 2024-05-16 19:57:06 --> ErrorException: Uncaught Error: Call to undefined method CodeIgniter\Debug\ExceptionHandler::cleanPath() in /Users/unaibueno/Desktop/Mond/app/Views/errors/html/error_exception.php:33
Stack trace:
#0 /Users/unaibueno/Desktop/Mond/system/Debug/BaseExceptionHandler.php(266): include()
#1 /Users/unaibueno/Desktop/Mond/system/Debug/BaseExceptionHandler.php(269): CodeIgniter\Debug\BaseExceptionHandler->CodeIgniter\Debug\{closure}()
#2 /Users/unaibueno/Desktop/Mond/system/Debug/ExceptionHandler.php(114): CodeIgniter\Debug\BaseExceptionHandler->render(Object(Error), 500, '/Users/unaibuen...')
#3 /Users/unaibueno/Desktop/Mond/system/Debug/Exceptions.php(163): CodeIgniter\Debug\ExceptionHandler->handle(Object(Error), Object(CodeIgniter\HTTP\IncomingRequest), Object(CodeIgniter\HTTP\Response), 500, 1)
#4 [internal function]: CodeIgniter\Debug\Exceptions->exceptionHandler(Object(Error))
#5 {main}
  thrown
【Previous Exception】
Error
Call to a member function getTemporizador() on null
#0 /Users/unaibueno/Desktop/Mond/system/CodeIgniter.php(933): App\Controllers\TareasController->index()
#1 /Users/unaibueno/Desktop/Mond/system/CodeIgniter.php(509): CodeIgniter\CodeIgniter->runController(Object(App\Controllers\TareasController))
#2 /Users/unaibueno/Desktop/Mond/system/CodeIgniter.php(355): CodeIgniter\CodeIgniter->handleRequest(NULL, Object(Config\Cache), false)
#3 /Users/unaibueno/Desktop/Mond/system/Boot.php(312): CodeIgniter\CodeIgniter->run()
#4 /Users/unaibueno/Desktop/Mond/system/Boot.php(67): CodeIgniter\Boot::runCodeIgniter(Object(CodeIgniter\CodeIgniter))
#5 /Users/unaibueno/Desktop/Mond/public/index.php(57): CodeIgniter\Boot::bootWeb(Object(Config\Paths))
#6 /Users/unaibueno/Desktop/Mond/system/Commands/Server/rewrite.php(49): require_once('/Users/unaibuen...')
#7 {main}
[Method: GET, Route: tareas]
in APPPATH/Views/errors/html/error_exception.php on line 33.
 1 [internal function]: CodeIgniter\Debug\Exceptions->shutdownHandler()
WARNING - 2024-05-16 19:57:06 --> [DEPRECATED] Creation of dynamic property App\Controllers\TareasController::$modelConvocatorias is deprecated in APPPATH/Controllers/TareasController.php on line 10.
 1 SYSTEMPATH/CodeIgniter.php(903): App\Controllers\TareasController->__construct()
 2 SYSTEMPATH/CodeIgniter.php(500): CodeIgniter\CodeIgniter->createController()
 3 SYSTEMPATH/CodeIgniter.php(355): CodeIgniter\CodeIgniter->handleRequest(null, Object(Config\Cache), false)
 4 SYSTEMPATH/Boot.php(312): CodeIgniter\CodeIgniter->run()
 5 SYSTEMPATH/Boot.php(67): CodeIgniter\Boot::runCodeIgniter(Object(CodeIgniter\CodeIgniter))
 6 FCPATH/index.php(57): CodeIgniter\Boot::bootWeb(Object(Config\Paths))
 7 SYSTEMPATH/Commands/Server/rewrite.php(49): require_once('/Users/unaibueno/Desktop/Mond/public/index.php')
CRITICAL - 2024-05-16 19:57:06 --> Error: Call to a member function getTemporizador() on null
[Method: GET, Route: tareas]
in APPPATH/Controllers/TareasController.php on line 20.
 1 SYSTEMPATH/CodeIgniter.php(933): App\Controllers\TareasController->index()
 2 SYSTEMPATH/CodeIgniter.php(509): CodeIgniter\CodeIgniter->runController(Object(App\Controllers\TareasController))
 3 SYSTEMPATH/CodeIgniter.php(355): CodeIgniter\CodeIgniter->handleRequest(null, Object(Config\Cache), false)
 4 SYSTEMPATH/Boot.php(312): CodeIgniter\CodeIgniter->run()
 5 SYSTEMPATH/Boot.php(67): CodeIgniter\Boot::runCodeIgniter(Object(CodeIgniter\CodeIgniter))
 6 FCPATH/index.php(57): CodeIgniter\Boot::bootWeb(Object(Config\Paths))
 7 SYSTEMPATH/Commands/Server/rewrite.php(49): require_once('/Users/unaibueno/Desktop/Mond/public/index.php')
CRITICAL - 2024-05-16 19:57:06 --> ErrorException: Uncaught Error: Call to undefined method CodeIgniter\Debug\ExceptionHandler::cleanPath() in /Users/unaibueno/Desktop/Mond/app/Views/errors/html/error_exception.php:33
Stack trace:
#0 /Users/unaibueno/Desktop/Mond/system/Debug/BaseExceptionHandler.php(266): include()
#1 /Users/unaibueno/Desktop/Mond/system/Debug/BaseExceptionHandler.php(269): CodeIgniter\Debug\BaseExceptionHandler->CodeIgniter\Debug\{closure}()
#2 /Users/unaibueno/Desktop/Mond/system/Debug/ExceptionHandler.php(114): CodeIgniter\Debug\BaseExceptionHandler->render(Object(Error), 500, '/Users/unaibuen...')
#3 /Users/unaibueno/Desktop/Mond/system/Debug/Exceptions.php(163): CodeIgniter\Debug\ExceptionHandler->handle(Object(Error), Object(CodeIgniter\HTTP\IncomingRequest), Object(CodeIgniter\HTTP\Response), 500, 1)
#4 [internal function]: CodeIgniter\Debug\Exceptions->exceptionHandler(Object(Error))
#5 {main}
  thrown
【Previous Exception】
Error
Call to a member function getTemporizador() on null
#0 /Users/unaibueno/Desktop/Mond/system/CodeIgniter.php(933): App\Controllers\TareasController->index()
#1 /Users/unaibueno/Desktop/Mond/system/CodeIgniter.php(509): CodeIgniter\CodeIgniter->runController(Object(App\Controllers\TareasController))
#2 /Users/unaibueno/Desktop/Mond/system/CodeIgniter.php(355): CodeIgniter\CodeIgniter->handleRequest(NULL, Object(Config\Cache), false)
#3 /Users/unaibueno/Desktop/Mond/system/Boot.php(312): CodeIgniter\CodeIgniter->run()
#4 /Users/unaibueno/Desktop/Mond/system/Boot.php(67): CodeIgniter\Boot::runCodeIgniter(Object(CodeIgniter\CodeIgniter))
#5 /Users/unaibueno/Desktop/Mond/public/index.php(57): CodeIgniter\Boot::bootWeb(Object(Config\Paths))
#6 /Users/unaibueno/Desktop/Mond/system/Commands/Server/rewrite.php(49): require_once('/Users/unaibuen...')
#7 {main}
[Method: GET, Route: tareas]
in APPPATH/Views/errors/html/error_exception.php on line 33.
 1 [internal function]: CodeIgniter\Debug\Exceptions->shutdownHandler()
WARNING - 2024-05-16 19:57:06 --> [DEPRECATED] Creation of dynamic property App\Controllers\TareasController::$modelConvocatorias is deprecated in APPPATH/Controllers/TareasController.php on line 10.
 1 SYSTEMPATH/CodeIgniter.php(903): App\Controllers\TareasController->__construct()
 2 SYSTEMPATH/CodeIgniter.php(500): CodeIgniter\CodeIgniter->createController()
 3 SYSTEMPATH/CodeIgniter.php(355): CodeIgniter\CodeIgniter->handleRequest(null, Object(Config\Cache), false)
 4 SYSTEMPATH/Boot.php(312): CodeIgniter\CodeIgniter->run()
 5 SYSTEMPATH/Boot.php(67): CodeIgniter\Boot::runCodeIgniter(Object(CodeIgniter\CodeIgniter))
 6 FCPATH/index.php(57): CodeIgniter\Boot::bootWeb(Object(Config\Paths))
 7 SYSTEMPATH/Commands/Server/rewrite.php(49): require_once('/Users/unaibueno/Desktop/Mond/public/index.php')
CRITICAL - 2024-05-16 19:57:06 --> Error: Call to a member function getTemporizador() on null
[Method: GET, Route: tareas]
in APPPATH/Controllers/TareasController.php on line 20.
 1 SYSTEMPATH/CodeIgniter.php(933): App\Controllers\TareasController->index()
 2 SYSTEMPATH/CodeIgniter.php(509): CodeIgniter\CodeIgniter->runController(Object(App\Controllers\TareasController))
 3 SYSTEMPATH/CodeIgniter.php(355): CodeIgniter\CodeIgniter->handleRequest(null, Object(Config\Cache), false)
 4 SYSTEMPATH/Boot.php(312): CodeIgniter\CodeIgniter->run()
 5 SYSTEMPATH/Boot.php(67): CodeIgniter\Boot::runCodeIgniter(Object(CodeIgniter\CodeIgniter))
 6 FCPATH/index.php(57): CodeIgniter\Boot::bootWeb(Object(Config\Paths))
 7 SYSTEMPATH/Commands/Server/rewrite.php(49): require_once('/Users/unaibueno/Desktop/Mond/public/index.php')
CRITICAL - 2024-05-16 19:57:06 --> ErrorException: Uncaught Error: Call to undefined method CodeIgniter\Debug\ExceptionHandler::cleanPath() in /Users/unaibueno/Desktop/Mond/app/Views/errors/html/error_exception.php:33
Stack trace:
#0 /Users/unaibueno/Desktop/Mond/system/Debug/BaseExceptionHandler.php(266): include()
#1 /Users/unaibueno/Desktop/Mond/system/Debug/BaseExceptionHandler.php(269): CodeIgniter\Debug\BaseExceptionHandler->CodeIgniter\Debug\{closure}()
#2 /Users/unaibueno/Desktop/Mond/system/Debug/ExceptionHandler.php(114): CodeIgniter\Debug\BaseExceptionHandler->render(Object(Error), 500, '/Users/unaibuen...')
#3 /Users/unaibueno/Desktop/Mond/system/Debug/Exceptions.php(163): CodeIgniter\Debug\ExceptionHandler->handle(Object(Error), Object(CodeIgniter\HTTP\IncomingRequest), Object(CodeIgniter\HTTP\Response), 500, 1)
#4 [internal function]: CodeIgniter\Debug\Exceptions->exceptionHandler(Object(Error))
#5 {main}
  thrown
【Previous Exception】
Error
Call to a member function getTemporizador() on null
#0 /Users/unaibueno/Desktop/Mond/system/CodeIgniter.php(933): App\Controllers\TareasController->index()
#1 /Users/unaibueno/Desktop/Mond/system/CodeIgniter.php(509): CodeIgniter\CodeIgniter->runController(Object(App\Controllers\TareasController))
#2 /Users/unaibueno/Desktop/Mond/system/CodeIgniter.php(355): CodeIgniter\CodeIgniter->handleRequest(NULL, Object(Config\Cache), false)
#3 /Users/unaibueno/Desktop/Mond/system/Boot.php(312): CodeIgniter\CodeIgniter->run()
#4 /Users/unaibueno/Desktop/Mond/system/Boot.php(67): CodeIgniter\Boot::runCodeIgniter(Object(CodeIgniter\CodeIgniter))
#5 /Users/unaibueno/Desktop/Mond/public/index.php(57): CodeIgniter\Boot::bootWeb(Object(Config\Paths))
#6 /Users/unaibueno/Desktop/Mond/system/Commands/Server/rewrite.php(49): require_once('/Users/unaibuen...')
#7 {main}
[Method: GET, Route: tareas]
in APPPATH/Views/errors/html/error_exception.php on line 33.
 1 [internal function]: CodeIgniter\Debug\Exceptions->shutdownHandler()
WARNING - 2024-05-16 19:57:06 --> [DEPRECATED] Creation of dynamic property App\Controllers\TareasController::$modelConvocatorias is deprecated in APPPATH/Controllers/TareasController.php on line 10.
 1 SYSTEMPATH/CodeIgniter.php(903): App\Controllers\TareasController->__construct()
 2 SYSTEMPATH/CodeIgniter.php(500): CodeIgniter\CodeIgniter->createController()
 3 SYSTEMPATH/CodeIgniter.php(355): CodeIgniter\CodeIgniter->handleRequest(null, Object(Config\Cache), false)
 4 SYSTEMPATH/Boot.php(312): CodeIgniter\CodeIgniter->run()
 5 SYSTEMPATH/Boot.php(67): CodeIgniter\Boot::runCodeIgniter(Object(CodeIgniter\CodeIgniter))
 6 FCPATH/index.php(57): CodeIgniter\Boot::bootWeb(Object(Config\Paths))
 7 SYSTEMPATH/Commands/Server/rewrite.php(49): require_once('/Users/unaibueno/Desktop/Mond/public/index.php')
CRITICAL - 2024-05-16 19:57:06 --> Error: Call to a member function getTemporizador() on null
[Method: GET, Route: tareas]
in APPPATH/Controllers/TareasController.php on line 20.
 1 SYSTEMPATH/CodeIgniter.php(933): App\Controllers\TareasController->index()
 2 SYSTEMPATH/CodeIgniter.php(509): CodeIgniter\CodeIgniter->runController(Object(App\Controllers\TareasController))
 3 SYSTEMPATH/CodeIgniter.php(355): CodeIgniter\CodeIgniter->handleRequest(null, Object(Config\Cache), false)
 4 SYSTEMPATH/Boot.php(312): CodeIgniter\CodeIgniter->run()
 5 SYSTEMPATH/Boot.php(67): CodeIgniter\Boot::runCodeIgniter(Object(CodeIgniter\CodeIgniter))
 6 FCPATH/index.php(57): CodeIgniter\Boot::bootWeb(Object(Config\Paths))
 7 SYSTEMPATH/Commands/Server/rewrite.php(49): require_once('/Users/unaibueno/Desktop/Mond/public/index.php')
CRITICAL - 2024-05-16 19:57:06 --> ErrorException: Uncaught Error: Call to undefined method CodeIgniter\Debug\ExceptionHandler::cleanPath() in /Users/unaibueno/Desktop/Mond/app/Views/errors/html/error_exception.php:33
Stack trace:
#0 /Users/unaibueno/Desktop/Mond/system/Debug/BaseExceptionHandler.php(266): include()
#1 /Users/unaibueno/Desktop/Mond/system/Debug/BaseExceptionHandler.php(269): CodeIgniter\Debug\BaseExceptionHandler->CodeIgniter\Debug\{closure}()
#2 /Users/unaibueno/Desktop/Mond/system/Debug/ExceptionHandler.php(114): CodeIgniter\Debug\BaseExceptionHandler->render(Object(Error), 500, '/Users/unaibuen...')
#3 /Users/unaibueno/Desktop/Mond/system/Debug/Exceptions.php(163): CodeIgniter\Debug\ExceptionHandler->handle(Object(Error), Object(CodeIgniter\HTTP\IncomingRequest), Object(CodeIgniter\HTTP\Response), 500, 1)
#4 [internal function]: CodeIgniter\Debug\Exceptions->exceptionHandler(Object(Error))
#5 {main}
  thrown
【Previous Exception】
Error
Call to a member function getTemporizador() on null
#0 /Users/unaibueno/Desktop/Mond/system/CodeIgniter.php(933): App\Controllers\TareasController->index()
#1 /Users/unaibueno/Desktop/Mond/system/CodeIgniter.php(509): CodeIgniter\CodeIgniter->runController(Object(App\Controllers\TareasController))
#2 /Users/unaibueno/Desktop/Mond/system/CodeIgniter.php(355): CodeIgniter\CodeIgniter->handleRequest(NULL, Object(Config\Cache), false)
#3 /Users/unaibueno/Desktop/Mond/system/Boot.php(312): CodeIgniter\CodeIgniter->run()
#4 /Users/unaibueno/Desktop/Mond/system/Boot.php(67): CodeIgniter\Boot::runCodeIgniter(Object(CodeIgniter\CodeIgniter))
#5 /Users/unaibueno/Desktop/Mond/public/index.php(57): CodeIgniter\Boot::bootWeb(Object(Config\Paths))
#6 /Users/unaibueno/Desktop/Mond/system/Commands/Server/rewrite.php(49): require_once('/Users/unaibuen...')
#7 {main}
[Method: GET, Route: tareas]
in APPPATH/Views/errors/html/error_exception.php on line 33.
 1 [internal function]: CodeIgniter\Debug\Exceptions->shutdownHandler()
WARNING - 2024-05-16 19:57:31 --> [DEPRECATED] Creation of dynamic property App\Controllers\TareasController::$modelConvocatorias is deprecated in APPPATH/Controllers/TareasController.php on line 10.
 1 SYSTEMPATH/CodeIgniter.php(903): App\Controllers\TareasController->__construct()
 2 SYSTEMPATH/CodeIgniter.php(500): CodeIgniter\CodeIgniter->createController()
 3 SYSTEMPATH/CodeIgniter.php(355): CodeIgniter\CodeIgniter->handleRequest(null, Object(Config\Cache), false)
 4 SYSTEMPATH/Boot.php(312): CodeIgniter\CodeIgniter->run()
 5 SYSTEMPATH/Boot.php(67): CodeIgniter\Boot::runCodeIgniter(Object(CodeIgniter\CodeIgniter))
 6 FCPATH/index.php(57): CodeIgniter\Boot::bootWeb(Object(Config\Paths))
 7 SYSTEMPATH/Commands/Server/rewrite.php(49): require_once('/Users/unaibueno/Desktop/Mond/public/index.php')
CRITICAL - 2024-05-16 19:57:31 --> Error: Call to a member function getTemporizador() on null
[Method: GET, Route: tareas]
in APPPATH/Controllers/TareasController.php on line 20.
 1 SYSTEMPATH/CodeIgniter.php(933): App\Controllers\TareasController->index()
 2 SYSTEMPATH/CodeIgniter.php(509): CodeIgniter\CodeIgniter->runController(Object(App\Controllers\TareasController))
 3 SYSTEMPATH/CodeIgniter.php(355): CodeIgniter\CodeIgniter->handleRequest(null, Object(Config\Cache), false)
 4 SYSTEMPATH/Boot.php(312): CodeIgniter\CodeIgniter->run()
 5 SYSTEMPATH/Boot.php(67): CodeIgniter\Boot::runCodeIgniter(Object(CodeIgniter\CodeIgniter))
 6 FCPATH/index.php(57): CodeIgniter\Boot::bootWeb(Object(Config\Paths))
 7 SYSTEMPATH/Commands/Server/rewrite.php(49): require_once('/Users/unaibueno/Desktop/Mond/public/index.php')
CRITICAL - 2024-05-16 19:57:31 --> ErrorException: Uncaught Error: Call to undefined method CodeIgniter\Debug\ExceptionHandler::cleanPath() in /Users/unaibueno/Desktop/Mond/app/Views/errors/html/error_exception.php:33
Stack trace:
#0 /Users/unaibueno/Desktop/Mond/system/Debug/BaseExceptionHandler.php(266): include()
#1 /Users/unaibueno/Desktop/Mond/system/Debug/BaseExceptionHandler.php(269): CodeIgniter\Debug\BaseExceptionHandler->CodeIgniter\Debug\{closure}()
#2 /Users/unaibueno/Desktop/Mond/system/Debug/ExceptionHandler.php(114): CodeIgniter\Debug\BaseExceptionHandler->render(Object(Error), 500, '/Users/unaibuen...')
#3 /Users/unaibueno/Desktop/Mond/system/Debug/Exceptions.php(163): CodeIgniter\Debug\ExceptionHandler->handle(Object(Error), Object(CodeIgniter\HTTP\IncomingRequest), Object(CodeIgniter\HTTP\Response), 500, 1)
#4 [internal function]: CodeIgniter\Debug\Exceptions->exceptionHandler(Object(Error))
#5 {main}
  thrown
【Previous Exception】
Error
Call to a member function getTemporizador() on null
#0 /Users/unaibueno/Desktop/Mond/system/CodeIgniter.php(933): App\Controllers\TareasController->index()
#1 /Users/unaibueno/Desktop/Mond/system/CodeIgniter.php(509): CodeIgniter\CodeIgniter->runController(Object(App\Controllers\TareasController))
#2 /Users/unaibueno/Desktop/Mond/system/CodeIgniter.php(355): CodeIgniter\CodeIgniter->handleRequest(NULL, Object(Config\Cache), false)
#3 /Users/unaibueno/Desktop/Mond/system/Boot.php(312): CodeIgniter\CodeIgniter->run()
#4 /Users/unaibueno/Desktop/Mond/system/Boot.php(67): CodeIgniter\Boot::runCodeIgniter(Object(CodeIgniter\CodeIgniter))
#5 /Users/unaibueno/Desktop/Mond/public/index.php(57): CodeIgniter\Boot::bootWeb(Object(Config\Paths))
#6 /Users/unaibueno/Desktop/Mond/system/Commands/Server/rewrite.php(49): require_once('/Users/unaibuen...')
#7 {main}
[Method: GET, Route: tareas]
in APPPATH/Views/errors/html/error_exception.php on line 33.
 1 [internal function]: CodeIgniter\Debug\Exceptions->shutdownHandler()
WARNING - 2024-05-16 19:57:32 --> [DEPRECATED] Creation of dynamic property App\Controllers\TareasController::$modelConvocatorias is deprecated in APPPATH/Controllers/TareasController.php on line 10.
 1 SYSTEMPATH/CodeIgniter.php(903): App\Controllers\TareasController->__construct()
 2 SYSTEMPATH/CodeIgniter.php(500): CodeIgniter\CodeIgniter->createController()
 3 SYSTEMPATH/CodeIgniter.php(355): CodeIgniter\CodeIgniter->handleRequest(null, Object(Config\Cache), false)
 4 SYSTEMPATH/Boot.php(312): CodeIgniter\CodeIgniter->run()
 5 SYSTEMPATH/Boot.php(67): CodeIgniter\Boot::runCodeIgniter(Object(CodeIgniter\CodeIgniter))
 6 FCPATH/index.php(57): CodeIgniter\Boot::bootWeb(Object(Config\Paths))
 7 SYSTEMPATH/Commands/Server/rewrite.php(49): require_once('/Users/unaibueno/Desktop/Mond/public/index.php')
CRITICAL - 2024-05-16 19:57:32 --> Error: Call to a member function getTemporizador() on null
[Method: GET, Route: tareas]
in APPPATH/Controllers/TareasController.php on line 20.
 1 SYSTEMPATH/CodeIgniter.php(933): App\Controllers\TareasController->index()
 2 SYSTEMPATH/CodeIgniter.php(509): CodeIgniter\CodeIgniter->runController(Object(App\Controllers\TareasController))
 3 SYSTEMPATH/CodeIgniter.php(355): CodeIgniter\CodeIgniter->handleRequest(null, Object(Config\Cache), false)
 4 SYSTEMPATH/Boot.php(312): CodeIgniter\CodeIgniter->run()
 5 SYSTEMPATH/Boot.php(67): CodeIgniter\Boot::runCodeIgniter(Object(CodeIgniter\CodeIgniter))
 6 FCPATH/index.php(57): CodeIgniter\Boot::bootWeb(Object(Config\Paths))
 7 SYSTEMPATH/Commands/Server/rewrite.php(49): require_once('/Users/unaibueno/Desktop/Mond/public/index.php')
CRITICAL - 2024-05-16 19:57:32 --> ErrorException: Uncaught Error: Call to undefined method CodeIgniter\Debug\ExceptionHandler::cleanPath() in /Users/unaibueno/Desktop/Mond/app/Views/errors/html/error_exception.php:33
Stack trace:
#0 /Users/unaibueno/Desktop/Mond/system/Debug/BaseExceptionHandler.php(266): include()
#1 /Users/unaibueno/Desktop/Mond/system/Debug/BaseExceptionHandler.php(269): CodeIgniter\Debug\BaseExceptionHandler->CodeIgniter\Debug\{closure}()
#2 /Users/unaibueno/Desktop/Mond/system/Debug/ExceptionHandler.php(114): CodeIgniter\Debug\BaseExceptionHandler->render(Object(Error), 500, '/Users/unaibuen...')
#3 /Users/unaibueno/Desktop/Mond/system/Debug/Exceptions.php(163): CodeIgniter\Debug\ExceptionHandler->handle(Object(Error), Object(CodeIgniter\HTTP\IncomingRequest), Object(CodeIgniter\HTTP\Response), 500, 1)
#4 [internal function]: CodeIgniter\Debug\Exceptions->exceptionHandler(Object(Error))
#5 {main}
  thrown
【Previous Exception】
Error
Call to a member function getTemporizador() on null
#0 /Users/unaibueno/Desktop/Mond/system/CodeIgniter.php(933): App\Controllers\TareasController->index()
#1 /Users/unaibueno/Desktop/Mond/system/CodeIgniter.php(509): CodeIgniter\CodeIgniter->runController(Object(App\Controllers\TareasController))
#2 /Users/unaibueno/Desktop/Mond/system/CodeIgniter.php(355): CodeIgniter\CodeIgniter->handleRequest(NULL, Object(Config\Cache), false)
#3 /Users/unaibueno/Desktop/Mond/system/Boot.php(312): CodeIgniter\CodeIgniter->run()
#4 /Users/unaibueno/Desktop/Mond/system/Boot.php(67): CodeIgniter\Boot::runCodeIgniter(Object(CodeIgniter\CodeIgniter))
#5 /Users/unaibueno/Desktop/Mond/public/index.php(57): CodeIgniter\Boot::bootWeb(Object(Config\Paths))
#6 /Users/unaibueno/Desktop/Mond/system/Commands/Server/rewrite.php(49): require_once('/Users/unaibuen...')
#7 {main}
[Method: GET, Route: tareas]
in APPPATH/Views/errors/html/error_exception.php on line 33.
 1 [internal function]: CodeIgniter\Debug\Exceptions->shutdownHandler()
WARNING - 2024-05-16 19:57:32 --> [DEPRECATED] Creation of dynamic property App\Controllers\TareasController::$modelConvocatorias is deprecated in APPPATH/Controllers/TareasController.php on line 10.
 1 SYSTEMPATH/CodeIgniter.php(903): App\Controllers\TareasController->__construct()
 2 SYSTEMPATH/CodeIgniter.php(500): CodeIgniter\CodeIgniter->createController()
 3 SYSTEMPATH/CodeIgniter.php(355): CodeIgniter\CodeIgniter->handleRequest(null, Object(Config\Cache), false)
 4 SYSTEMPATH/Boot.php(312): CodeIgniter\CodeIgniter->run()
 5 SYSTEMPATH/Boot.php(67): CodeIgniter\Boot::runCodeIgniter(Object(CodeIgniter\CodeIgniter))
 6 FCPATH/index.php(57): CodeIgniter\Boot::bootWeb(Object(Config\Paths))
 7 SYSTEMPATH/Commands/Server/rewrite.php(49): require_once('/Users/unaibueno/Desktop/Mond/public/index.php')
CRITICAL - 2024-05-16 19:57:32 --> Error: Call to a member function getTemporizador() on null
[Method: GET, Route: tareas]
in APPPATH/Controllers/TareasController.php on line 20.
 1 SYSTEMPATH/CodeIgniter.php(933): App\Controllers\TareasController->index()
 2 SYSTEMPATH/CodeIgniter.php(509): CodeIgniter\CodeIgniter->runController(Object(App\Controllers\TareasController))
 3 SYSTEMPATH/CodeIgniter.php(355): CodeIgniter\CodeIgniter->handleRequest(null, Object(Config\Cache), false)
 4 SYSTEMPATH/Boot.php(312): CodeIgniter\CodeIgniter->run()
 5 SYSTEMPATH/Boot.php(67): CodeIgniter\Boot::runCodeIgniter(Object(CodeIgniter\CodeIgniter))
 6 FCPATH/index.php(57): CodeIgniter\Boot::bootWeb(Object(Config\Paths))
 7 SYSTEMPATH/Commands/Server/rewrite.php(49): require_once('/Users/unaibueno/Desktop/Mond/public/index.php')
CRITICAL - 2024-05-16 19:57:32 --> ErrorException: Uncaught Error: Call to undefined method CodeIgniter\Debug\ExceptionHandler::cleanPath() in /Users/unaibueno/Desktop/Mond/app/Views/errors/html/error_exception.php:33
Stack trace:
#0 /Users/unaibueno/Desktop/Mond/system/Debug/BaseExceptionHandler.php(266): include()
#1 /Users/unaibueno/Desktop/Mond/system/Debug/BaseExceptionHandler.php(269): CodeIgniter\Debug\BaseExceptionHandler->CodeIgniter\Debug\{closure}()
#2 /Users/unaibueno/Desktop/Mond/system/Debug/ExceptionHandler.php(114): CodeIgniter\Debug\BaseExceptionHandler->render(Object(Error), 500, '/Users/unaibuen...')
#3 /Users/unaibueno/Desktop/Mond/system/Debug/Exceptions.php(163): CodeIgniter\Debug\ExceptionHandler->handle(Object(Error), Object(CodeIgniter\HTTP\IncomingRequest), Object(CodeIgniter\HTTP\Response), 500, 1)
#4 [internal function]: CodeIgniter\Debug\Exceptions->exceptionHandler(Object(Error))
#5 {main}
  thrown
【Previous Exception】
Error
Call to a member function getTemporizador() on null
#0 /Users/unaibueno/Desktop/Mond/system/CodeIgniter.php(933): App\Controllers\TareasController->index()
#1 /Users/unaibueno/Desktop/Mond/system/CodeIgniter.php(509): CodeIgniter\CodeIgniter->runController(Object(App\Controllers\TareasController))
#2 /Users/unaibueno/Desktop/Mond/system/CodeIgniter.php(355): CodeIgniter\CodeIgniter->handleRequest(NULL, Object(Config\Cache), false)
#3 /Users/unaibueno/Desktop/Mond/system/Boot.php(312): CodeIgniter\CodeIgniter->run()
#4 /Users/unaibueno/Desktop/Mond/system/Boot.php(67): CodeIgniter\Boot::runCodeIgniter(Object(CodeIgniter\CodeIgniter))
#5 /Users/unaibueno/Desktop/Mond/public/index.php(57): CodeIgniter\Boot::bootWeb(Object(Config\Paths))
#6 /Users/unaibueno/Desktop/Mond/system/Commands/Server/rewrite.php(49): require_once('/Users/unaibuen...')
#7 {main}
[Method: GET, Route: tareas]
in APPPATH/Views/errors/html/error_exception.php on line 33.
 1 [internal function]: CodeIgniter\Debug\Exceptions->shutdownHandler()
WARNING - 2024-05-16 19:57:52 --> [DEPRECATED] Creation of dynamic property App\Controllers\TareasController::$modelConvocatorias is deprecated in APPPATH/Controllers/TareasController.php on line 10.
 1 SYSTEMPATH/CodeIgniter.php(903): App\Controllers\TareasController->__construct()
 2 SYSTEMPATH/CodeIgniter.php(500): CodeIgniter\CodeIgniter->createController()
 3 SYSTEMPATH/CodeIgniter.php(355): CodeIgniter\CodeIgniter->handleRequest(null, Object(Config\Cache), false)
 4 SYSTEMPATH/Boot.php(312): CodeIgniter\CodeIgniter->run()
 5 SYSTEMPATH/Boot.php(67): CodeIgniter\Boot::runCodeIgniter(Object(CodeIgniter\CodeIgniter))
 6 FCPATH/index.php(57): CodeIgniter\Boot::bootWeb(Object(Config\Paths))
 7 SYSTEMPATH/Commands/Server/rewrite.php(49): require_once('/Users/unaibueno/Desktop/Mond/public/index.php')
CRITICAL - 2024-05-16 19:57:52 --> ErrorException: Undefined variable $temporizador
[Method: GET, Route: tareas]
in APPPATH/Views/tareas/index.php on line 4.
 1 APPPATH/Views/tareas/index.php(4): CodeIgniter\Debug\Exceptions->errorHandler(2, 'Undefined variable $temporizador', '/Users/unaibueno/Desktop/Mond/app/Views/tareas/index.php', 4)
 2 SYSTEMPATH/View/View.php(234): include('/Users/unaibueno/Desktop/Mond/app/Views/tareas/index.php')
 3 SYSTEMPATH/View/View.php(237): CodeIgniter\View\View->CodeIgniter\View\{closure}()
 4 SYSTEMPATH/Common.php(1171): CodeIgniter\View\View->render('tareas/index', [], true)
 5 APPPATH/Controllers/TareasController.php(25): view('tareas/index', [...])
 6 SYSTEMPATH/CodeIgniter.php(933): App\Controllers\TareasController->index()
 7 SYSTEMPATH/CodeIgniter.php(509): CodeIgniter\CodeIgniter->runController(Object(App\Controllers\TareasController))
 8 SYSTEMPATH/CodeIgniter.php(355): CodeIgniter\CodeIgniter->handleRequest(null, Object(Config\Cache), false)
 9 SYSTEMPATH/Boot.php(312): CodeIgniter\CodeIgniter->run()
10 SYSTEMPATH/Boot.php(67): CodeIgniter\Boot::runCodeIgniter(Object(CodeIgniter\CodeIgniter))
11 FCPATH/index.php(57): CodeIgniter\Boot::bootWeb(Object(Config\Paths))
12 SYSTEMPATH/Commands/Server/rewrite.php(49): require_once('/Users/unaibueno/Desktop/Mond/public/index.php')
CRITICAL - 2024-05-16 19:57:52 --> ErrorException: Uncaught Error: Call to undefined method CodeIgniter\Debug\ExceptionHandler::cleanPath() in /Users/unaibueno/Desktop/Mond/app/Views/errors/html/error_exception.php:33
Stack trace:
#0 /Users/unaibueno/Desktop/Mond/system/Debug/BaseExceptionHandler.php(266): include()
#1 /Users/unaibueno/Desktop/Mond/system/Debug/BaseExceptionHandler.php(269): CodeIgniter\Debug\BaseExceptionHandler->CodeIgniter\Debug\{closure}()
#2 /Users/unaibueno/Desktop/Mond/system/Debug/ExceptionHandler.php(114): CodeIgniter\Debug\BaseExceptionHandler->render(Object(ErrorException), 500, '/Users/unaibuen...')
#3 /Users/unaibueno/Desktop/Mond/system/Debug/Exceptions.php(163): CodeIgniter\Debug\ExceptionHandler->handle(Object(ErrorException), Object(CodeIgniter\HTTP\IncomingRequest), Object(CodeIgniter\HTTP\Response), 500, 1)
#4 [internal function]: CodeIgniter\Debug\Exceptions->exceptionHandler(Object(ErrorException))
#5 {main}
  thrown
【Previous Exception】
ErrorException
Undefined variable $temporizador
#0 /Users/unaibueno/Desktop/Mond/app/Views/tareas/index.php(4): CodeIgniter\Debug\Exceptions->errorHandler(2, 'Undefined varia...', '/Users/unaibuen...', 4)
#1 /Users/unaibueno/Desktop/Mond/system/View/View.php(234): include('/Users/unaibuen...')
#2 /Users/unaibueno/Desktop/Mond/system/View/View.php(237): CodeIgniter\View\View->CodeIgniter\View\{closure}()
#3 /Users/unaibueno/Desktop/Mond/system/Common.php(1171): CodeIgniter\View\View->render('tareas/index', Array, true)
#4 /Users/unaibueno/Desktop/Mond/app/Controllers/TareasController.php(25): view('tareas/index', Array)
#5 /Users/unaibueno/Desktop/Mond/system/CodeIgniter.php(933): App\Controllers\TareasController->index()
#6 /Users/unaibueno/Desktop/Mond/system/CodeIgniter.php(509): CodeIgniter\CodeIgniter->runController(Object(App\Controllers\TareasController))
#7 /Users/unaibueno/Desktop/Mond/system/CodeIgniter.php(355): CodeIgniter\CodeIgniter->handleRequest(NULL, Object(Config\Cache), false)
#8 /Users/unaibueno/Desktop/Mond/system/Boot.php(312): CodeIgniter\CodeIgniter->run()
#9 /Users/unaibueno/Desktop/Mond/system/Boot.php(67): CodeIgniter\Boot::runCodeIgniter(Object(CodeIgniter\CodeIgniter))
#10 /Users/unaibueno/Desktop/Mond/public/index.php(57): CodeIgniter\Boot::bootWeb(Object(Config\Paths))
#11 /Users/unaibueno/Desktop/Mond/system/Commands/Server/rewrite.php(49): require_once('/Users/unaibuen...')
#12 {main}
[Method: GET, Route: tareas]
in APPPATH/Views/errors/html/error_exception.php on line 33.
 1 [internal function]: CodeIgniter\Debug\Exceptions->shutdownHandler()
WARNING - 2024-05-16 19:57:56 --> [DEPRECATED] Creation of dynamic property App\Controllers\TareasController::$modelConvocatorias is deprecated in APPPATH/Controllers/TareasController.php on line 10.
 1 SYSTEMPATH/CodeIgniter.php(903): App\Controllers\TareasController->__construct()
 2 SYSTEMPATH/CodeIgniter.php(500): CodeIgniter\CodeIgniter->createController()
 3 SYSTEMPATH/CodeIgniter.php(355): CodeIgniter\CodeIgniter->handleRequest(null, Object(Config\Cache), false)
 4 SYSTEMPATH/Boot.php(312): CodeIgniter\CodeIgniter->run()
 5 SYSTEMPATH/Boot.php(67): CodeIgniter\Boot::runCodeIgniter(Object(CodeIgniter\CodeIgniter))
 6 FCPATH/index.php(57): CodeIgniter\Boot::bootWeb(Object(Config\Paths))
 7 SYSTEMPATH/Commands/Server/rewrite.php(49): require_once('/Users/unaibueno/Desktop/Mond/public/index.php')
CRITICAL - 2024-05-16 19:57:56 --> Error: Call to a member function getTemporizador() on null
[Method: GET, Route: tareas]
in APPPATH/Controllers/TareasController.php on line 20.
 1 SYSTEMPATH/CodeIgniter.php(933): App\Controllers\TareasController->index()
 2 SYSTEMPATH/CodeIgniter.php(509): CodeIgniter\CodeIgniter->runController(Object(App\Controllers\TareasController))
 3 SYSTEMPATH/CodeIgniter.php(355): CodeIgniter\CodeIgniter->handleRequest(null, Object(Config\Cache), false)
 4 SYSTEMPATH/Boot.php(312): CodeIgniter\CodeIgniter->run()
 5 SYSTEMPATH/Boot.php(67): CodeIgniter\Boot::runCodeIgniter(Object(CodeIgniter\CodeIgniter))
 6 FCPATH/index.php(57): CodeIgniter\Boot::bootWeb(Object(Config\Paths))
 7 SYSTEMPATH/Commands/Server/rewrite.php(49): require_once('/Users/unaibueno/Desktop/Mond/public/index.php')
CRITICAL - 2024-05-16 19:57:56 --> ErrorException: Uncaught Error: Call to undefined method CodeIgniter\Debug\ExceptionHandler::cleanPath() in /Users/unaibueno/Desktop/Mond/app/Views/errors/html/error_exception.php:33
Stack trace:
#0 /Users/unaibueno/Desktop/Mond/system/Debug/BaseExceptionHandler.php(266): include()
#1 /Users/unaibueno/Desktop/Mond/system/Debug/BaseExceptionHandler.php(269): CodeIgniter\Debug\BaseExceptionHandler->CodeIgniter\Debug\{closure}()
#2 /Users/unaibueno/Desktop/Mond/system/Debug/ExceptionHandler.php(114): CodeIgniter\Debug\BaseExceptionHandler->render(Object(Error), 500, '/Users/unaibuen...')
#3 /Users/unaibueno/Desktop/Mond/system/Debug/Exceptions.php(163): CodeIgniter\Debug\ExceptionHandler->handle(Object(Error), Object(CodeIgniter\HTTP\IncomingRequest), Object(CodeIgniter\HTTP\Response), 500, 1)
#4 [internal function]: CodeIgniter\Debug\Exceptions->exceptionHandler(Object(Error))
#5 {main}
  thrown
【Previous Exception】
Error
Call to a member function getTemporizador() on null
#0 /Users/unaibueno/Desktop/Mond/system/CodeIgniter.php(933): App\Controllers\TareasController->index()
#1 /Users/unaibueno/Desktop/Mond/system/CodeIgniter.php(509): CodeIgniter\CodeIgniter->runController(Object(App\Controllers\TareasController))
#2 /Users/unaibueno/Desktop/Mond/system/CodeIgniter.php(355): CodeIgniter\CodeIgniter->handleRequest(NULL, Object(Config\Cache), false)
#3 /Users/unaibueno/Desktop/Mond/system/Boot.php(312): CodeIgniter\CodeIgniter->run()
#4 /Users/unaibueno/Desktop/Mond/system/Boot.php(67): CodeIgniter\Boot::runCodeIgniter(Object(CodeIgniter\CodeIgniter))
#5 /Users/unaibueno/Desktop/Mond/public/index.php(57): CodeIgniter\Boot::bootWeb(Object(Config\Paths))
#6 /Users/unaibueno/Desktop/Mond/system/Commands/Server/rewrite.php(49): require_once('/Users/unaibuen...')
#7 {main}
[Method: GET, Route: tareas]
in APPPATH/Views/errors/html/error_exception.php on line 33.
 1 [internal function]: CodeIgniter\Debug\Exceptions->shutdownHandler()
WARNING - 2024-05-16 19:57:57 --> [DEPRECATED] Creation of dynamic property App\Controllers\TareasController::$modelConvocatorias is deprecated in APPPATH/Controllers/TareasController.php on line 10.
 1 SYSTEMPATH/CodeIgniter.php(903): App\Controllers\TareasController->__construct()
 2 SYSTEMPATH/CodeIgniter.php(500): CodeIgniter\CodeIgniter->createController()
 3 SYSTEMPATH/CodeIgniter.php(355): CodeIgniter\CodeIgniter->handleRequest(null, Object(Config\Cache), false)
 4 SYSTEMPATH/Boot.php(312): CodeIgniter\CodeIgniter->run()
 5 SYSTEMPATH/Boot.php(67): CodeIgniter\Boot::runCodeIgniter(Object(CodeIgniter\CodeIgniter))
 6 FCPATH/index.php(57): CodeIgniter\Boot::bootWeb(Object(Config\Paths))
 7 SYSTEMPATH/Commands/Server/rewrite.php(49): require_once('/Users/unaibueno/Desktop/Mond/public/index.php')
CRITICAL - 2024-05-16 19:57:57 --> Error: Call to a member function getTemporizador() on null
[Method: GET, Route: tareas]
in APPPATH/Controllers/TareasController.php on line 20.
 1 SYSTEMPATH/CodeIgniter.php(933): App\Controllers\TareasController->index()
 2 SYSTEMPATH/CodeIgniter.php(509): CodeIgniter\CodeIgniter->runController(Object(App\Controllers\TareasController))
 3 SYSTEMPATH/CodeIgniter.php(355): CodeIgniter\CodeIgniter->handleRequest(null, Object(Config\Cache), false)
 4 SYSTEMPATH/Boot.php(312): CodeIgniter\CodeIgniter->run()
 5 SYSTEMPATH/Boot.php(67): CodeIgniter\Boot::runCodeIgniter(Object(CodeIgniter\CodeIgniter))
 6 FCPATH/index.php(57): CodeIgniter\Boot::bootWeb(Object(Config\Paths))
 7 SYSTEMPATH/Commands/Server/rewrite.php(49): require_once('/Users/unaibueno/Desktop/Mond/public/index.php')
CRITICAL - 2024-05-16 19:57:57 --> ErrorException: Uncaught Error: Call to undefined method CodeIgniter\Debug\ExceptionHandler::cleanPath() in /Users/unaibueno/Desktop/Mond/app/Views/errors/html/error_exception.php:33
Stack trace:
#0 /Users/unaibueno/Desktop/Mond/system/Debug/BaseExceptionHandler.php(266): include()
#1 /Users/unaibueno/Desktop/Mond/system/Debug/BaseExceptionHandler.php(269): CodeIgniter\Debug\BaseExceptionHandler->CodeIgniter\Debug\{closure}()
#2 /Users/unaibueno/Desktop/Mond/system/Debug/ExceptionHandler.php(114): CodeIgniter\Debug\BaseExceptionHandler->render(Object(Error), 500, '/Users/unaibuen...')
#3 /Users/unaibueno/Desktop/Mond/system/Debug/Exceptions.php(163): CodeIgniter\Debug\ExceptionHandler->handle(Object(Error), Object(CodeIgniter\HTTP\IncomingRequest), Object(CodeIgniter\HTTP\Response), 500, 1)
#4 [internal function]: CodeIgniter\Debug\Exceptions->exceptionHandler(Object(Error))
#5 {main}
  thrown
【Previous Exception】
Error
Call to a member function getTemporizador() on null
#0 /Users/unaibueno/Desktop/Mond/system/CodeIgniter.php(933): App\Controllers\TareasController->index()
#1 /Users/unaibueno/Desktop/Mond/system/CodeIgniter.php(509): CodeIgniter\CodeIgniter->runController(Object(App\Controllers\TareasController))
#2 /Users/unaibueno/Desktop/Mond/system/CodeIgniter.php(355): CodeIgniter\CodeIgniter->handleRequest(NULL, Object(Config\Cache), false)
#3 /Users/unaibueno/Desktop/Mond/system/Boot.php(312): CodeIgniter\CodeIgniter->run()
#4 /Users/unaibueno/Desktop/Mond/system/Boot.php(67): CodeIgniter\Boot::runCodeIgniter(Object(CodeIgniter\CodeIgniter))
#5 /Users/unaibueno/Desktop/Mond/public/index.php(57): CodeIgniter\Boot::bootWeb(Object(Config\Paths))
#6 /Users/unaibueno/Desktop/Mond/system/Commands/Server/rewrite.php(49): require_once('/Users/unaibuen...')
#7 {main}
[Method: GET, Route: tareas]
in APPPATH/Views/errors/html/error_exception.php on line 33.
 1 [internal function]: CodeIgniter\Debug\Exceptions->shutdownHandler()
WARNING - 2024-05-16 19:58:11 --> [DEPRECATED] Creation of dynamic property App\Controllers\TareasController::$modelConvocatorias is deprecated in APPPATH/Controllers/TareasController.php on line 10.
 1 SYSTEMPATH/CodeIgniter.php(903): App\Controllers\TareasController->__construct()
 2 SYSTEMPATH/CodeIgniter.php(500): CodeIgniter\CodeIgniter->createController()
 3 SYSTEMPATH/CodeIgniter.php(355): CodeIgniter\CodeIgniter->handleRequest(null, Object(Config\Cache), false)
 4 SYSTEMPATH/Boot.php(312): CodeIgniter\CodeIgniter->run()
 5 SYSTEMPATH/Boot.php(67): CodeIgniter\Boot::runCodeIgniter(Object(CodeIgniter\CodeIgniter))
 6 FCPATH/index.php(57): CodeIgniter\Boot::bootWeb(Object(Config\Paths))
 7 SYSTEMPATH/Commands/Server/rewrite.php(49): require_once('/Users/unaibueno/Desktop/Mond/public/index.php')
CRITICAL - 2024-05-16 19:58:11 --> Error: Call to a member function getTemporizador() on null
[Method: GET, Route: tareas]
in APPPATH/Controllers/TareasController.php on line 20.
 1 SYSTEMPATH/CodeIgniter.php(933): App\Controllers\TareasController->index()
 2 SYSTEMPATH/CodeIgniter.php(509): CodeIgniter\CodeIgniter->runController(Object(App\Controllers\TareasController))
 3 SYSTEMPATH/CodeIgniter.php(355): CodeIgniter\CodeIgniter->handleRequest(null, Object(Config\Cache), false)
 4 SYSTEMPATH/Boot.php(312): CodeIgniter\CodeIgniter->run()
 5 SYSTEMPATH/Boot.php(67): CodeIgniter\Boot::runCodeIgniter(Object(CodeIgniter\CodeIgniter))
 6 FCPATH/index.php(57): CodeIgniter\Boot::bootWeb(Object(Config\Paths))
 7 SYSTEMPATH/Commands/Server/rewrite.php(49): require_once('/Users/unaibueno/Desktop/Mond/public/index.php')
CRITICAL - 2024-05-16 19:58:11 --> ErrorException: Uncaught Error: Call to undefined method CodeIgniter\Debug\ExceptionHandler::cleanPath() in /Users/unaibueno/Desktop/Mond/app/Views/errors/html/error_exception.php:33
Stack trace:
#0 /Users/unaibueno/Desktop/Mond/system/Debug/BaseExceptionHandler.php(266): include()
#1 /Users/unaibueno/Desktop/Mond/system/Debug/BaseExceptionHandler.php(269): CodeIgniter\Debug\BaseExceptionHandler->CodeIgniter\Debug\{closure}()
#2 /Users/unaibueno/Desktop/Mond/system/Debug/ExceptionHandler.php(114): CodeIgniter\Debug\BaseExceptionHandler->render(Object(Error), 500, '/Users/unaibuen...')
#3 /Users/unaibueno/Desktop/Mond/system/Debug/Exceptions.php(163): CodeIgniter\Debug\ExceptionHandler->handle(Object(Error), Object(CodeIgniter\HTTP\IncomingRequest), Object(CodeIgniter\HTTP\Response), 500, 1)
#4 [internal function]: CodeIgniter\Debug\Exceptions->exceptionHandler(Object(Error))
#5 {main}
  thrown
【Previous Exception】
Error
Call to a member function getTemporizador() on null
#0 /Users/unaibueno/Desktop/Mond/system/CodeIgniter.php(933): App\Controllers\TareasController->index()
#1 /Users/unaibueno/Desktop/Mond/system/CodeIgniter.php(509): CodeIgniter\CodeIgniter->runController(Object(App\Controllers\TareasController))
#2 /Users/unaibueno/Desktop/Mond/system/CodeIgniter.php(355): CodeIgniter\CodeIgniter->handleRequest(NULL, Object(Config\Cache), false)
#3 /Users/unaibueno/Desktop/Mond/system/Boot.php(312): CodeIgniter\CodeIgniter->run()
#4 /Users/unaibueno/Desktop/Mond/system/Boot.php(67): CodeIgniter\Boot::runCodeIgniter(Object(CodeIgniter\CodeIgniter))
#5 /Users/unaibueno/Desktop/Mond/public/index.php(57): CodeIgniter\Boot::bootWeb(Object(Config\Paths))
#6 /Users/unaibueno/Desktop/Mond/system/Commands/Server/rewrite.php(49): require_once('/Users/unaibuen...')
#7 {main}
[Method: GET, Route: tareas]
in APPPATH/Views/errors/html/error_exception.php on line 33.
 1 [internal function]: CodeIgniter\Debug\Exceptions->shutdownHandler()
WARNING - 2024-05-16 19:58:11 --> [DEPRECATED] Creation of dynamic property App\Controllers\TareasController::$modelConvocatorias is deprecated in APPPATH/Controllers/TareasController.php on line 10.
 1 SYSTEMPATH/CodeIgniter.php(903): App\Controllers\TareasController->__construct()
 2 SYSTEMPATH/CodeIgniter.php(500): CodeIgniter\CodeIgniter->createController()
 3 SYSTEMPATH/CodeIgniter.php(355): CodeIgniter\CodeIgniter->handleRequest(null, Object(Config\Cache), false)
 4 SYSTEMPATH/Boot.php(312): CodeIgniter\CodeIgniter->run()
 5 SYSTEMPATH/Boot.php(67): CodeIgniter\Boot::runCodeIgniter(Object(CodeIgniter\CodeIgniter))
 6 FCPATH/index.php(57): CodeIgniter\Boot::bootWeb(Object(Config\Paths))
 7 SYSTEMPATH/Commands/Server/rewrite.php(49): require_once('/Users/unaibueno/Desktop/Mond/public/index.php')
CRITICAL - 2024-05-16 19:58:11 --> Error: Call to a member function getTemporizador() on null
[Method: GET, Route: tareas]
in APPPATH/Controllers/TareasController.php on line 20.
 1 SYSTEMPATH/CodeIgniter.php(933): App\Controllers\TareasController->index()
 2 SYSTEMPATH/CodeIgniter.php(509): CodeIgniter\CodeIgniter->runController(Object(App\Controllers\TareasController))
 3 SYSTEMPATH/CodeIgniter.php(355): CodeIgniter\CodeIgniter->handleRequest(null, Object(Config\Cache), false)
 4 SYSTEMPATH/Boot.php(312): CodeIgniter\CodeIgniter->run()
 5 SYSTEMPATH/Boot.php(67): CodeIgniter\Boot::runCodeIgniter(Object(CodeIgniter\CodeIgniter))
 6 FCPATH/index.php(57): CodeIgniter\Boot::bootWeb(Object(Config\Paths))
 7 SYSTEMPATH/Commands/Server/rewrite.php(49): require_once('/Users/unaibueno/Desktop/Mond/public/index.php')
CRITICAL - 2024-05-16 19:58:11 --> ErrorException: Uncaught Error: Call to undefined method CodeIgniter\Debug\ExceptionHandler::cleanPath() in /Users/unaibueno/Desktop/Mond/app/Views/errors/html/error_exception.php:33
Stack trace:
#0 /Users/unaibueno/Desktop/Mond/system/Debug/BaseExceptionHandler.php(266): include()
#1 /Users/unaibueno/Desktop/Mond/system/Debug/BaseExceptionHandler.php(269): CodeIgniter\Debug\BaseExceptionHandler->CodeIgniter\Debug\{closure}()
#2 /Users/unaibueno/Desktop/Mond/system/Debug/ExceptionHandler.php(114): CodeIgniter\Debug\BaseExceptionHandler->render(Object(Error), 500, '/Users/unaibuen...')
#3 /Users/unaibueno/Desktop/Mond/system/Debug/Exceptions.php(163): CodeIgniter\Debug\ExceptionHandler->handle(Object(Error), Object(CodeIgniter\HTTP\IncomingRequest), Object(CodeIgniter\HTTP\Response), 500, 1)
#4 [internal function]: CodeIgniter\Debug\Exceptions->exceptionHandler(Object(Error))
#5 {main}
  thrown
【Previous Exception】
Error
Call to a member function getTemporizador() on null
#0 /Users/unaibueno/Desktop/Mond/system/CodeIgniter.php(933): App\Controllers\TareasController->index()
#1 /Users/unaibueno/Desktop/Mond/system/CodeIgniter.php(509): CodeIgniter\CodeIgniter->runController(Object(App\Controllers\TareasController))
#2 /Users/unaibueno/Desktop/Mond/system/CodeIgniter.php(355): CodeIgniter\CodeIgniter->handleRequest(NULL, Object(Config\Cache), false)
#3 /Users/unaibueno/Desktop/Mond/system/Boot.php(312): CodeIgniter\CodeIgniter->run()
#4 /Users/unaibueno/Desktop/Mond/system/Boot.php(67): CodeIgniter\Boot::runCodeIgniter(Object(CodeIgniter\CodeIgniter))
#5 /Users/unaibueno/Desktop/Mond/public/index.php(57): CodeIgniter\Boot::bootWeb(Object(Config\Paths))
#6 /Users/unaibueno/Desktop/Mond/system/Commands/Server/rewrite.php(49): require_once('/Users/unaibuen...')
#7 {main}
[Method: GET, Route: tareas]
in APPPATH/Views/errors/html/error_exception.php on line 33.
 1 [internal function]: CodeIgniter\Debug\Exceptions->shutdownHandler()
WARNING - 2024-05-16 19:58:12 --> [DEPRECATED] Creation of dynamic property App\Controllers\TareasController::$modelConvocatorias is deprecated in APPPATH/Controllers/TareasController.php on line 10.
 1 SYSTEMPATH/CodeIgniter.php(903): App\Controllers\TareasController->__construct()
 2 SYSTEMPATH/CodeIgniter.php(500): CodeIgniter\CodeIgniter->createController()
 3 SYSTEMPATH/CodeIgniter.php(355): CodeIgniter\CodeIgniter->handleRequest(null, Object(Config\Cache), false)
 4 SYSTEMPATH/Boot.php(312): CodeIgniter\CodeIgniter->run()
 5 SYSTEMPATH/Boot.php(67): CodeIgniter\Boot::runCodeIgniter(Object(CodeIgniter\CodeIgniter))
 6 FCPATH/index.php(57): CodeIgniter\Boot::bootWeb(Object(Config\Paths))
 7 SYSTEMPATH/Commands/Server/rewrite.php(49): require_once('/Users/unaibueno/Desktop/Mond/public/index.php')
CRITICAL - 2024-05-16 19:58:12 --> Error: Call to a member function getTemporizador() on null
[Method: GET, Route: tareas]
in APPPATH/Controllers/TareasController.php on line 20.
 1 SYSTEMPATH/CodeIgniter.php(933): App\Controllers\TareasController->index()
 2 SYSTEMPATH/CodeIgniter.php(509): CodeIgniter\CodeIgniter->runController(Object(App\Controllers\TareasController))
 3 SYSTEMPATH/CodeIgniter.php(355): CodeIgniter\CodeIgniter->handleRequest(null, Object(Config\Cache), false)
 4 SYSTEMPATH/Boot.php(312): CodeIgniter\CodeIgniter->run()
 5 SYSTEMPATH/Boot.php(67): CodeIgniter\Boot::runCodeIgniter(Object(CodeIgniter\CodeIgniter))
 6 FCPATH/index.php(57): CodeIgniter\Boot::bootWeb(Object(Config\Paths))
 7 SYSTEMPATH/Commands/Server/rewrite.php(49): require_once('/Users/unaibueno/Desktop/Mond/public/index.php')
CRITICAL - 2024-05-16 19:58:12 --> ErrorException: Uncaught Error: Call to undefined method CodeIgniter\Debug\ExceptionHandler::cleanPath() in /Users/unaibueno/Desktop/Mond/app/Views/errors/html/error_exception.php:33
Stack trace:
#0 /Users/unaibueno/Desktop/Mond/system/Debug/BaseExceptionHandler.php(266): include()
#1 /Users/unaibueno/Desktop/Mond/system/Debug/BaseExceptionHandler.php(269): CodeIgniter\Debug\BaseExceptionHandler->CodeIgniter\Debug\{closure}()
#2 /Users/unaibueno/Desktop/Mond/system/Debug/ExceptionHandler.php(114): CodeIgniter\Debug\BaseExceptionHandler->render(Object(Error), 500, '/Users/unaibuen...')
#3 /Users/unaibueno/Desktop/Mond/system/Debug/Exceptions.php(163): CodeIgniter\Debug\ExceptionHandler->handle(Object(Error), Object(CodeIgniter\HTTP\IncomingRequest), Object(CodeIgniter\HTTP\Response), 500, 1)
#4 [internal function]: CodeIgniter\Debug\Exceptions->exceptionHandler(Object(Error))
#5 {main}
  thrown
【Previous Exception】
Error
Call to a member function getTemporizador() on null
#0 /Users/unaibueno/Desktop/Mond/system/CodeIgniter.php(933): App\Controllers\TareasController->index()
#1 /Users/unaibueno/Desktop/Mond/system/CodeIgniter.php(509): CodeIgniter\CodeIgniter->runController(Object(App\Controllers\TareasController))
#2 /Users/unaibueno/Desktop/Mond/system/CodeIgniter.php(355): CodeIgniter\CodeIgniter->handleRequest(NULL, Object(Config\Cache), false)
#3 /Users/unaibueno/Desktop/Mond/system/Boot.php(312): CodeIgniter\CodeIgniter->run()
#4 /Users/unaibueno/Desktop/Mond/system/Boot.php(67): CodeIgniter\Boot::runCodeIgniter(Object(CodeIgniter\CodeIgniter))
#5 /Users/unaibueno/Desktop/Mond/public/index.php(57): CodeIgniter\Boot::bootWeb(Object(Config\Paths))
#6 /Users/unaibueno/Desktop/Mond/system/Commands/Server/rewrite.php(49): require_once('/Users/unaibuen...')
#7 {main}
[Method: GET, Route: tareas]
in APPPATH/Views/errors/html/error_exception.php on line 33.
 1 [internal function]: CodeIgniter\Debug\Exceptions->shutdownHandler()
WARNING - 2024-05-16 19:58:20 --> [DEPRECATED] Creation of dynamic property App\Controllers\TareasController::$modelConvocatorias is deprecated in APPPATH/Controllers/TareasController.php on line 10.
 1 SYSTEMPATH/CodeIgniter.php(903): App\Controllers\TareasController->__construct()
 2 SYSTEMPATH/CodeIgniter.php(500): CodeIgniter\CodeIgniter->createController()
 3 SYSTEMPATH/CodeIgniter.php(355): CodeIgniter\CodeIgniter->handleRequest(null, Object(Config\Cache), false)
 4 SYSTEMPATH/Boot.php(312): CodeIgniter\CodeIgniter->run()
 5 SYSTEMPATH/Boot.php(67): CodeIgniter\Boot::runCodeIgniter(Object(CodeIgniter\CodeIgniter))
 6 FCPATH/index.php(57): CodeIgniter\Boot::bootWeb(Object(Config\Paths))
 7 SYSTEMPATH/Commands/Server/rewrite.php(49): require_once('/Users/unaibueno/Desktop/Mond/public/index.php')
CRITICAL - 2024-05-16 19:58:20 --> ErrorException: Undefined variable $temporizador
[Method: GET, Route: tareas]
in APPPATH/Views/tareas/index.php on line 4.
 1 APPPATH/Views/tareas/index.php(4): CodeIgniter\Debug\Exceptions->errorHandler(2, 'Undefined variable $temporizador', '/Users/unaibueno/Desktop/Mond/app/Views/tareas/index.php', 4)
 2 SYSTEMPATH/View/View.php(234): include('/Users/unaibueno/Desktop/Mond/app/Views/tareas/index.php')
 3 SYSTEMPATH/View/View.php(237): CodeIgniter\View\View->CodeIgniter\View\{closure}()
 4 SYSTEMPATH/Common.php(1171): CodeIgniter\View\View->render('tareas/index', [], true)
 5 APPPATH/Controllers/TareasController.php(25): view('tareas/index', [...])
 6 SYSTEMPATH/CodeIgniter.php(933): App\Controllers\TareasController->index()
 7 SYSTEMPATH/CodeIgniter.php(509): CodeIgniter\CodeIgniter->runController(Object(App\Controllers\TareasController))
 8 SYSTEMPATH/CodeIgniter.php(355): CodeIgniter\CodeIgniter->handleRequest(null, Object(Config\Cache), false)
 9 SYSTEMPATH/Boot.php(312): CodeIgniter\CodeIgniter->run()
10 SYSTEMPATH/Boot.php(67): CodeIgniter\Boot::runCodeIgniter(Object(CodeIgniter\CodeIgniter))
11 FCPATH/index.php(57): CodeIgniter\Boot::bootWeb(Object(Config\Paths))
12 SYSTEMPATH/Commands/Server/rewrite.php(49): require_once('/Users/unaibueno/Desktop/Mond/public/index.php')
CRITICAL - 2024-05-16 19:58:20 --> ErrorException: Uncaught Error: Call to undefined method CodeIgniter\Debug\ExceptionHandler::cleanPath() in /Users/unaibueno/Desktop/Mond/app/Views/errors/html/error_exception.php:33
Stack trace:
#0 /Users/unaibueno/Desktop/Mond/system/Debug/BaseExceptionHandler.php(266): include()
#1 /Users/unaibueno/Desktop/Mond/system/Debug/BaseExceptionHandler.php(269): CodeIgniter\Debug\BaseExceptionHandler->CodeIgniter\Debug\{closure}()
#2 /Users/unaibueno/Desktop/Mond/system/Debug/ExceptionHandler.php(114): CodeIgniter\Debug\BaseExceptionHandler->render(Object(ErrorException), 500, '/Users/unaibuen...')
#3 /Users/unaibueno/Desktop/Mond/system/Debug/Exceptions.php(163): CodeIgniter\Debug\ExceptionHandler->handle(Object(ErrorException), Object(CodeIgniter\HTTP\IncomingRequest), Object(CodeIgniter\HTTP\Response), 500, 1)
#4 [internal function]: CodeIgniter\Debug\Exceptions->exceptionHandler(Object(ErrorException))
#5 {main}
  thrown
【Previous Exception】
ErrorException
Undefined variable $temporizador
#0 /Users/unaibueno/Desktop/Mond/app/Views/tareas/index.php(4): CodeIgniter\Debug\Exceptions->errorHandler(2, 'Undefined varia...', '/Users/unaibuen...', 4)
#1 /Users/unaibueno/Desktop/Mond/system/View/View.php(234): include('/Users/unaibuen...')
#2 /Users/unaibueno/Desktop/Mond/system/View/View.php(237): CodeIgniter\View\View->CodeIgniter\View\{closure}()
#3 /Users/unaibueno/Desktop/Mond/system/Common.php(1171): CodeIgniter\View\View->render('tareas/index', Array, true)
#4 /Users/unaibueno/Desktop/Mond/app/Controllers/TareasController.php(25): view('tareas/index', Array)
#5 /Users/unaibueno/Desktop/Mond/system/CodeIgniter.php(933): App\Controllers\TareasController->index()
#6 /Users/unaibueno/Desktop/Mond/system/CodeIgniter.php(509): CodeIgniter\CodeIgniter->runController(Object(App\Controllers\TareasController))
#7 /Users/unaibueno/Desktop/Mond/system/CodeIgniter.php(355): CodeIgniter\CodeIgniter->handleRequest(NULL, Object(Config\Cache), false)
#8 /Users/unaibueno/Desktop/Mond/system/Boot.php(312): CodeIgniter\CodeIgniter->run()
#9 /Users/unaibueno/Desktop/Mond/system/Boot.php(67): CodeIgniter\Boot::runCodeIgniter(Object(CodeIgniter\CodeIgniter))
#10 /Users/unaibueno/Desktop/Mond/public/index.php(57): CodeIgniter\Boot::bootWeb(Object(Config\Paths))
#11 /Users/unaibueno/Desktop/Mond/system/Commands/Server/rewrite.php(49): require_once('/Users/unaibuen...')
#12 {main}
[Method: GET, Route: tareas]
in APPPATH/Views/errors/html/error_exception.php on line 33.
 1 [internal function]: CodeIgniter\Debug\Exceptions->shutdownHandler()
WARNING - 2024-05-16 19:59:02 --> [DEPRECATED] Creation of dynamic property App\Controllers\TareasController::$modelConvocatorias is deprecated in APPPATH/Controllers/TareasController.php on line 10.
 1 SYSTEMPATH/CodeIgniter.php(903): App\Controllers\TareasController->__construct()
 2 SYSTEMPATH/CodeIgniter.php(500): CodeIgniter\CodeIgniter->createController()
 3 SYSTEMPATH/CodeIgniter.php(355): CodeIgniter\CodeIgniter->handleRequest(null, Object(Config\Cache), false)
 4 SYSTEMPATH/Boot.php(312): CodeIgniter\CodeIgniter->run()
 5 SYSTEMPATH/Boot.php(67): CodeIgniter\Boot::runCodeIgniter(Object(CodeIgniter\CodeIgniter))
 6 FCPATH/index.php(57): CodeIgniter\Boot::bootWeb(Object(Config\Paths))
 7 SYSTEMPATH/Commands/Server/rewrite.php(49): require_once('/Users/unaibueno/Desktop/Mond/public/index.php')
CRITICAL - 2024-05-16 20:08:24 --> ErrorException: Undefined variable $tareas
[Method: GET, Route: dashboard]
in APPPATH/Views/dashboard/index.php on line 51.
 1 APPPATH/Views/dashboard/index.php(51): CodeIgniter\Debug\Exceptions->errorHandler(2, 'Undefined variable $tareas', '/Users/unaibueno/Desktop/Mond/app/Views/dashboard/index.php', 51)
 2 SYSTEMPATH/View/View.php(234): include('/Users/unaibueno/Desktop/Mond/app/Views/dashboard/index.php')
 3 SYSTEMPATH/View/View.php(237): CodeIgniter\View\View->CodeIgniter\View\{closure}()
 4 SYSTEMPATH/Common.php(1171): CodeIgniter\View\View->render('dashboard/index', [], true)
 5 APPPATH/Controllers/Dashboard.php(25): view('dashboard/index', [...])
 6 SYSTEMPATH/CodeIgniter.php(933): App\Controllers\Dashboard->index()
 7 SYSTEMPATH/CodeIgniter.php(509): CodeIgniter\CodeIgniter->runController(Object(App\Controllers\Dashboard))
 8 SYSTEMPATH/CodeIgniter.php(355): CodeIgniter\CodeIgniter->handleRequest(null, Object(Config\Cache), false)
 9 SYSTEMPATH/Boot.php(312): CodeIgniter\CodeIgniter->run()
10 SYSTEMPATH/Boot.php(67): CodeIgniter\Boot::runCodeIgniter(Object(CodeIgniter\CodeIgniter))
11 FCPATH/index.php(57): CodeIgniter\Boot::bootWeb(Object(Config\Paths))
12 SYSTEMPATH/Commands/Server/rewrite.php(49): require_once('/Users/unaibueno/Desktop/Mond/public/index.php')
CRITICAL - 2024-05-16 20:08:24 --> ErrorException: Uncaught Error: Call to undefined method CodeIgniter\Debug\ExceptionHandler::cleanPath() in /Users/unaibueno/Desktop/Mond/app/Views/errors/html/error_exception.php:33
Stack trace:
#0 /Users/unaibueno/Desktop/Mond/system/Debug/BaseExceptionHandler.php(266): include()
#1 /Users/unaibueno/Desktop/Mond/system/Debug/BaseExceptionHandler.php(269): CodeIgniter\Debug\BaseExceptionHandler->CodeIgniter\Debug\{closure}()
#2 /Users/unaibueno/Desktop/Mond/system/Debug/ExceptionHandler.php(114): CodeIgniter\Debug\BaseExceptionHandler->render(Object(ErrorException), 500, '/Users/unaibuen...')
#3 /Users/unaibueno/Desktop/Mond/system/Debug/Exceptions.php(163): CodeIgniter\Debug\ExceptionHandler->handle(Object(ErrorException), Object(CodeIgniter\HTTP\IncomingRequest), Object(CodeIgniter\HTTP\Response), 500, 1)
#4 [internal function]: CodeIgniter\Debug\Exceptions->exceptionHandler(Object(ErrorException))
#5 {main}
  thrown
【Previous Exception】
ErrorException
Undefined variable $tareas
#0 /Users/unaibueno/Desktop/Mond/app/Views/dashboard/index.php(51): CodeIgniter\Debug\Exceptions->errorHandler(2, 'Undefined varia...', '/Users/unaibuen...', 51)
#1 /Users/unaibueno/Desktop/Mond/system/View/View.php(234): include('/Users/unaibuen...')
#2 /Users/unaibueno/Desktop/Mond/system/View/View.php(237): CodeIgniter\View\View->CodeIgniter\View\{closure}()
#3 /Users/unaibueno/Desktop/Mond/system/Common.php(1171): CodeIgniter\View\View->render('dashboard/index', Array, true)
#4 /Users/unaibueno/Desktop/Mond/app/Controllers/Dashboard.php(25): view('dashboard/index', Array)
#5 /Users/unaibueno/Desktop/Mond/system/CodeIgniter.php(933): App\Controllers\Dashboard->index()
#6 /Users/unaibueno/Desktop/Mond/system/CodeIgniter.php(509): CodeIgniter\CodeIgniter->runController(Object(App\Controllers\Dashboard))
#7 /Users/unaibueno/Desktop/Mond/system/CodeIgniter.php(355): CodeIgniter\CodeIgniter->handleRequest(NULL, Object(Config\Cache), false)
#8 /Users/unaibueno/Desktop/Mond/system/Boot.php(312): CodeIgniter\CodeIgniter->run()
#9 /Users/unaibueno/Desktop/Mond/system/Boot.php(67): CodeIgniter\Boot::runCodeIgniter(Object(CodeIgniter\CodeIgniter))
#10 /Users/unaibueno/Desktop/Mond/public/index.php(57): CodeIgniter\Boot::bootWeb(Object(Config\Paths))
#11 /Users/unaibueno/Desktop/Mond/system/Commands/Server/rewrite.php(49): require_once('/Users/unaibuen...')
#12 {main}
[Method: GET, Route: dashboard]
in APPPATH/Views/errors/html/error_exception.php on line 33.
 1 [internal function]: CodeIgniter\Debug\Exceptions->shutdownHandler()
CRITICAL - 2024-05-16 20:10:11 --> ErrorException: Array to string conversion
[Method: GET, Route: tareas]
in APPPATH/Views/tareas/index.php on line 3.
 1 APPPATH/Views/tareas/index.php(3): CodeIgniter\Debug\Exceptions->errorHandler(2, 'Array to string conversion', '/Users/unaibueno/Desktop/Mond/app/Views/tareas/index.php', 3)
 2 SYSTEMPATH/View/View.php(234): include('/Users/unaibueno/Desktop/Mond/app/Views/tareas/index.php')
 3 SYSTEMPATH/View/View.php(237): CodeIgniter\View\View->CodeIgniter\View\{closure}()
 4 SYSTEMPATH/Common.php(1171): CodeIgniter\View\View->render('tareas/index', [], true)
 5 APPPATH/Controllers/TareasController.php(26): view('tareas/index', [...])
 6 SYSTEMPATH/CodeIgniter.php(933): App\Controllers\TareasController->index()
 7 SYSTEMPATH/CodeIgniter.php(509): CodeIgniter\CodeIgniter->runController(Object(App\Controllers\TareasController))
 8 SYSTEMPATH/CodeIgniter.php(355): CodeIgniter\CodeIgniter->handleRequest(null, Object(Config\Cache), false)
 9 SYSTEMPATH/Boot.php(312): CodeIgniter\CodeIgniter->run()
10 SYSTEMPATH/Boot.php(67): CodeIgniter\Boot::runCodeIgniter(Object(CodeIgniter\CodeIgniter))
11 FCPATH/index.php(57): CodeIgniter\Boot::bootWeb(Object(Config\Paths))
12 SYSTEMPATH/Commands/Server/rewrite.php(49): require_once('/Users/unaibueno/Desktop/Mond/public/index.php')
CRITICAL - 2024-05-16 20:10:11 --> ErrorException: Uncaught Error: Call to undefined method CodeIgniter\Debug\ExceptionHandler::cleanPath() in /Users/unaibueno/Desktop/Mond/app/Views/errors/html/error_exception.php:33
Stack trace:
#0 /Users/unaibueno/Desktop/Mond/system/Debug/BaseExceptionHandler.php(266): include()
#1 /Users/unaibueno/Desktop/Mond/system/Debug/BaseExceptionHandler.php(269): CodeIgniter\Debug\BaseExceptionHandler->CodeIgniter\Debug\{closure}()
#2 /Users/unaibueno/Desktop/Mond/system/Debug/ExceptionHandler.php(114): CodeIgniter\Debug\BaseExceptionHandler->render(Object(ErrorException), 500, '/Users/unaibuen...')
#3 /Users/unaibueno/Desktop/Mond/system/Debug/Exceptions.php(163): CodeIgniter\Debug\ExceptionHandler->handle(Object(ErrorException), Object(CodeIgniter\HTTP\IncomingRequest), Object(CodeIgniter\HTTP\Response), 500, 1)
#4 [internal function]: CodeIgniter\Debug\Exceptions->exceptionHandler(Object(ErrorException))
#5 {main}
  thrown
【Previous Exception】
ErrorException
Array to string conversion
#0 /Users/unaibueno/Desktop/Mond/app/Views/tareas/index.php(3): CodeIgniter\Debug\Exceptions->errorHandler(2, 'Array to string...', '/Users/unaibuen...', 3)
#1 /Users/unaibueno/Desktop/Mond/system/View/View.php(234): include('/Users/unaibuen...')
#2 /Users/unaibueno/Desktop/Mond/system/View/View.php(237): CodeIgniter\View\View->CodeIgniter\View\{closure}()
#3 /Users/unaibueno/Desktop/Mond/system/Common.php(1171): CodeIgniter\View\View->render('tareas/index', Array, true)
#4 /Users/unaibueno/Desktop/Mond/app/Controllers/TareasController.php(26): view('tareas/index', Array)
#5 /Users/unaibueno/Desktop/Mond/system/CodeIgniter.php(933): App\Controllers\TareasController->index()
#6 /Users/unaibueno/Desktop/Mond/system/CodeIgniter.php(509): CodeIgniter\CodeIgniter->runController(Object(App\Controllers\TareasController))
#7 /Users/unaibueno/Desktop/Mond/system/CodeIgniter.php(355): CodeIgniter\CodeIgniter->handleRequest(NULL, Object(Config\Cache), false)
#8 /Users/unaibueno/Desktop/Mond/system/Boot.php(312): CodeIgniter\CodeIgniter->run()
#9 /Users/unaibueno/Desktop/Mond/system/Boot.php(67): CodeIgniter\Boot::runCodeIgniter(Object(CodeIgniter\CodeIgniter))
#10 /Users/unaibueno/Desktop/Mond/public/index.php(57): CodeIgniter\Boot::bootWeb(Object(Config\Paths))
#11 /Users/unaibueno/Desktop/Mond/system/Commands/Server/rewrite.php(49): require_once('/Users/unaibuen...')
#12 {main}
[Method: GET, Route: tareas]
in APPPATH/Views/errors/html/error_exception.php on line 33.
 1 [internal function]: CodeIgniter\Debug\Exceptions->shutdownHandler()
CRITICAL - 2024-05-16 20:11:12 --> CodeIgniter\Database\Exceptions\DatabaseException: You must set the database table to be used with your query.
[Method: GET, Route: tareas]
in SYSTEMPATH/Database/BaseConnection.php on line 913.
 1 SYSTEMPATH/Model.php(705): CodeIgniter\Database\BaseConnection->table(null)
 2 SYSTEMPATH/Model.php(911): CodeIgniter\Model->builder()
 3 APPPATH/Controllers/TareasController.php(24): CodeIgniter\Model->__call('getTareas', [])
 4 SYSTEMPATH/CodeIgniter.php(933): App\Controllers\TareasController->index()
 5 SYSTEMPATH/CodeIgniter.php(509): CodeIgniter\CodeIgniter->runController(Object(App\Controllers\TareasController))
 6 SYSTEMPATH/CodeIgniter.php(355): CodeIgniter\CodeIgniter->handleRequest(null, Object(Config\Cache), false)
 7 SYSTEMPATH/Boot.php(312): CodeIgniter\CodeIgniter->run()
 8 SYSTEMPATH/Boot.php(67): CodeIgniter\Boot::runCodeIgniter(Object(CodeIgniter\CodeIgniter))
 9 FCPATH/index.php(57): CodeIgniter\Boot::bootWeb(Object(Config\Paths))
10 SYSTEMPATH/Commands/Server/rewrite.php(49): require_once('/Users/unaibueno/Desktop/Mond/public/index.php')
CRITICAL - 2024-05-16 20:11:12 --> ErrorException: Uncaught Error: Call to undefined method CodeIgniter\Debug\ExceptionHandler::cleanPath() in /Users/unaibueno/Desktop/Mond/app/Views/errors/html/error_exception.php:33
Stack trace:
#0 /Users/unaibueno/Desktop/Mond/system/Debug/BaseExceptionHandler.php(266): include()
#1 /Users/unaibueno/Desktop/Mond/system/Debug/BaseExceptionHandler.php(269): CodeIgniter\Debug\BaseExceptionHandler->CodeIgniter\Debug\{closure}()
#2 /Users/unaibueno/Desktop/Mond/system/Debug/ExceptionHandler.php(114): CodeIgniter\Debug\BaseExceptionHandler->render(Object(CodeIgniter\Database\Exceptions\DatabaseException), 500, '/Users/unaibuen...')
#3 /Users/unaibueno/Desktop/Mond/system/Debug/Exceptions.php(163): CodeIgniter\Debug\ExceptionHandler->handle(Object(CodeIgniter\Database\Exceptions\DatabaseException), Object(CodeIgniter\HTTP\IncomingRequest), Object(CodeIgniter\HTTP\Response), 500, 8)
#4 [internal function]: CodeIgniter\Debug\Exceptions->exceptionHandler(Object(CodeIgniter\Database\Exceptions\DatabaseException))
#5 {main}
  thrown
【Previous Exception】
CodeIgniter\Database\Exceptions\DatabaseException
You must set the database table to be used with your query.
#0 /Users/unaibueno/Desktop/Mond/system/Model.php(705): CodeIgniter\Database\BaseConnection->table(NULL)
#1 /Users/unaibueno/Desktop/Mond/system/Model.php(911): CodeIgniter\Model->builder()
#2 /Users/unaibueno/Desktop/Mond/app/Controllers/TareasController.php(24): CodeIgniter\Model->__call('getTareas', Array)
#3 /Users/unaibueno/Desktop/Mond/system/CodeIgniter.php(933): App\Controllers\TareasController->index()
#4 /Users/unaibueno/Desktop/Mond/system/CodeIgniter.php(509): CodeIgniter\CodeIgniter->runController(Object(App\Controllers\TareasController))
#5 /Users/unaibueno/Desktop/Mond/system/CodeIgniter.php(355): CodeIgniter\CodeIgniter->handleRequest(NULL, Object(Config\Cache), false)
#6 /Users/unaibueno/Desktop/Mond/system/Boot.php(312): CodeIgniter\CodeIgniter->run()
#7 /Users/unaibueno/Desktop/Mond/system/Boot.php(67): CodeIgniter\Boot::runCodeIgniter(Object(CodeIgniter\CodeIgniter))
#8 /Users/unaibueno/Desktop/Mond/public/index.php(57): CodeIgniter\Boot::bootWeb(Object(Config\Paths))
#9 /Users/unaibueno/Desktop/Mond/system/Commands/Server/rewrite.php(49): require_once('/Users/unaibuen...')
#10 {main}
[Method: GET, Route: tareas]
in APPPATH/Views/errors/html/error_exception.php on line 33.
 1 [internal function]: CodeIgniter\Debug\Exceptions->shutdownHandler()
CRITICAL - 2024-05-16 20:12:05 --> CodeIgniter\Database\Exceptions\DatabaseException: You must set the database table to be used with your query.
[Method: GET, Route: tareas]
in SYSTEMPATH/Database/BaseConnection.php on line 913.
 1 SYSTEMPATH/Model.php(705): CodeIgniter\Database\BaseConnection->table(null)
 2 SYSTEMPATH/Model.php(911): CodeIgniter\Model->builder()
 3 APPPATH/Controllers/TareasController.php(24): CodeIgniter\Model->__call('getTareas', [])
 4 SYSTEMPATH/CodeIgniter.php(933): App\Controllers\TareasController->index()
 5 SYSTEMPATH/CodeIgniter.php(509): CodeIgniter\CodeIgniter->runController(Object(App\Controllers\TareasController))
 6 SYSTEMPATH/CodeIgniter.php(355): CodeIgniter\CodeIgniter->handleRequest(null, Object(Config\Cache), false)
 7 SYSTEMPATH/Boot.php(312): CodeIgniter\CodeIgniter->run()
 8 SYSTEMPATH/Boot.php(67): CodeIgniter\Boot::runCodeIgniter(Object(CodeIgniter\CodeIgniter))
 9 FCPATH/index.php(57): CodeIgniter\Boot::bootWeb(Object(Config\Paths))
10 SYSTEMPATH/Commands/Server/rewrite.php(49): require_once('/Users/unaibueno/Desktop/Mond/public/index.php')
CRITICAL - 2024-05-16 20:12:05 --> ErrorException: Uncaught Error: Call to undefined method CodeIgniter\Debug\ExceptionHandler::cleanPath() in /Users/unaibueno/Desktop/Mond/app/Views/errors/html/error_exception.php:33
Stack trace:
#0 /Users/unaibueno/Desktop/Mond/system/Debug/BaseExceptionHandler.php(266): include()
#1 /Users/unaibueno/Desktop/Mond/system/Debug/BaseExceptionHandler.php(269): CodeIgniter\Debug\BaseExceptionHandler->CodeIgniter\Debug\{closure}()
#2 /Users/unaibueno/Desktop/Mond/system/Debug/ExceptionHandler.php(114): CodeIgniter\Debug\BaseExceptionHandler->render(Object(CodeIgniter\Database\Exceptions\DatabaseException), 500, '/Users/unaibuen...')
#3 /Users/unaibueno/Desktop/Mond/system/Debug/Exceptions.php(163): CodeIgniter\Debug\ExceptionHandler->handle(Object(CodeIgniter\Database\Exceptions\DatabaseException), Object(CodeIgniter\HTTP\IncomingRequest), Object(CodeIgniter\HTTP\Response), 500, 8)
#4 [internal function]: CodeIgniter\Debug\Exceptions->exceptionHandler(Object(CodeIgniter\Database\Exceptions\DatabaseException))
#5 {main}
  thrown
【Previous Exception】
CodeIgniter\Database\Exceptions\DatabaseException
You must set the database table to be used with your query.
#0 /Users/unaibueno/Desktop/Mond/system/Model.php(705): CodeIgniter\Database\BaseConnection->table(NULL)
#1 /Users/unaibueno/Desktop/Mond/system/Model.php(911): CodeIgniter\Model->builder()
#2 /Users/unaibueno/Desktop/Mond/app/Controllers/TareasController.php(24): CodeIgniter\Model->__call('getTareas', Array)
#3 /Users/unaibueno/Desktop/Mond/system/CodeIgniter.php(933): App\Controllers\TareasController->index()
#4 /Users/unaibueno/Desktop/Mond/system/CodeIgniter.php(509): CodeIgniter\CodeIgniter->runController(Object(App\Controllers\TareasController))
#5 /Users/unaibueno/Desktop/Mond/system/CodeIgniter.php(355): CodeIgniter\CodeIgniter->handleRequest(NULL, Object(Config\Cache), false)
#6 /Users/unaibueno/Desktop/Mond/system/Boot.php(312): CodeIgniter\CodeIgniter->run()
#7 /Users/unaibueno/Desktop/Mond/system/Boot.php(67): CodeIgniter\Boot::runCodeIgniter(Object(CodeIgniter\CodeIgniter))
#8 /Users/unaibueno/Desktop/Mond/public/index.php(57): CodeIgniter\Boot::bootWeb(Object(Config\Paths))
#9 /Users/unaibueno/Desktop/Mond/system/Commands/Server/rewrite.php(49): require_once('/Users/unaibuen...')
#10 {main}
[Method: GET, Route: tareas]
in APPPATH/Views/errors/html/error_exception.php on line 33.
 1 [internal function]: CodeIgniter\Debug\Exceptions->shutdownHandler()
CRITICAL - 2024-05-16 20:12:06 --> CodeIgniter\Database\Exceptions\DatabaseException: You must set the database table to be used with your query.
[Method: GET, Route: tareas]
in SYSTEMPATH/Database/BaseConnection.php on line 913.
 1 SYSTEMPATH/Model.php(705): CodeIgniter\Database\BaseConnection->table(null)
 2 SYSTEMPATH/Model.php(911): CodeIgniter\Model->builder()
 3 APPPATH/Controllers/TareasController.php(24): CodeIgniter\Model->__call('getTareas', [])
 4 SYSTEMPATH/CodeIgniter.php(933): App\Controllers\TareasController->index()
 5 SYSTEMPATH/CodeIgniter.php(509): CodeIgniter\CodeIgniter->runController(Object(App\Controllers\TareasController))
 6 SYSTEMPATH/CodeIgniter.php(355): CodeIgniter\CodeIgniter->handleRequest(null, Object(Config\Cache), false)
 7 SYSTEMPATH/Boot.php(312): CodeIgniter\CodeIgniter->run()
 8 SYSTEMPATH/Boot.php(67): CodeIgniter\Boot::runCodeIgniter(Object(CodeIgniter\CodeIgniter))
 9 FCPATH/index.php(57): CodeIgniter\Boot::bootWeb(Object(Config\Paths))
10 SYSTEMPATH/Commands/Server/rewrite.php(49): require_once('/Users/unaibueno/Desktop/Mond/public/index.php')
CRITICAL - 2024-05-16 20:12:06 --> ErrorException: Uncaught Error: Call to undefined method CodeIgniter\Debug\ExceptionHandler::cleanPath() in /Users/unaibueno/Desktop/Mond/app/Views/errors/html/error_exception.php:33
Stack trace:
#0 /Users/unaibueno/Desktop/Mond/system/Debug/BaseExceptionHandler.php(266): include()
#1 /Users/unaibueno/Desktop/Mond/system/Debug/BaseExceptionHandler.php(269): CodeIgniter\Debug\BaseExceptionHandler->CodeIgniter\Debug\{closure}()
#2 /Users/unaibueno/Desktop/Mond/system/Debug/ExceptionHandler.php(114): CodeIgniter\Debug\BaseExceptionHandler->render(Object(CodeIgniter\Database\Exceptions\DatabaseException), 500, '/Users/unaibuen...')
#3 /Users/unaibueno/Desktop/Mond/system/Debug/Exceptions.php(163): CodeIgniter\Debug\ExceptionHandler->handle(Object(CodeIgniter\Database\Exceptions\DatabaseException), Object(CodeIgniter\HTTP\IncomingRequest), Object(CodeIgniter\HTTP\Response), 500, 8)
#4 [internal function]: CodeIgniter\Debug\Exceptions->exceptionHandler(Object(CodeIgniter\Database\Exceptions\DatabaseException))
#5 {main}
  thrown
【Previous Exception】
CodeIgniter\Database\Exceptions\DatabaseException
You must set the database table to be used with your query.
#0 /Users/unaibueno/Desktop/Mond/system/Model.php(705): CodeIgniter\Database\BaseConnection->table(NULL)
#1 /Users/unaibueno/Desktop/Mond/system/Model.php(911): CodeIgniter\Model->builder()
#2 /Users/unaibueno/Desktop/Mond/app/Controllers/TareasController.php(24): CodeIgniter\Model->__call('getTareas', Array)
#3 /Users/unaibueno/Desktop/Mond/system/CodeIgniter.php(933): App\Controllers\TareasController->index()
#4 /Users/unaibueno/Desktop/Mond/system/CodeIgniter.php(509): CodeIgniter\CodeIgniter->runController(Object(App\Controllers\TareasController))
#5 /Users/unaibueno/Desktop/Mond/system/CodeIgniter.php(355): CodeIgniter\CodeIgniter->handleRequest(NULL, Object(Config\Cache), false)
#6 /Users/unaibueno/Desktop/Mond/system/Boot.php(312): CodeIgniter\CodeIgniter->run()
#7 /Users/unaibueno/Desktop/Mond/system/Boot.php(67): CodeIgniter\Boot::runCodeIgniter(Object(CodeIgniter\CodeIgniter))
#8 /Users/unaibueno/Desktop/Mond/public/index.php(57): CodeIgniter\Boot::bootWeb(Object(Config\Paths))
#9 /Users/unaibueno/Desktop/Mond/system/Commands/Server/rewrite.php(49): require_once('/Users/unaibuen...')
#10 {main}
[Method: GET, Route: tareas]
in APPPATH/Views/errors/html/error_exception.php on line 33.
 1 [internal function]: CodeIgniter\Debug\Exceptions->shutdownHandler()
CRITICAL - 2024-05-16 20:12:56 --> CodeIgniter\Database\Exceptions\DatabaseException: You must set the database table to be used with your query.
[Method: GET, Route: tareas]
in SYSTEMPATH/Database/BaseConnection.php on line 913.
 1 SYSTEMPATH/Model.php(705): CodeIgniter\Database\BaseConnection->table(null)
 2 SYSTEMPATH/Model.php(911): CodeIgniter\Model->builder()
 3 APPPATH/Controllers/TareasController.php(24): CodeIgniter\Model->__call('getTareas', [])
 4 SYSTEMPATH/CodeIgniter.php(933): App\Controllers\TareasController->index()
 5 SYSTEMPATH/CodeIgniter.php(509): CodeIgniter\CodeIgniter->runController(Object(App\Controllers\TareasController))
 6 SYSTEMPATH/CodeIgniter.php(355): CodeIgniter\CodeIgniter->handleRequest(null, Object(Config\Cache), false)
 7 SYSTEMPATH/Boot.php(312): CodeIgniter\CodeIgniter->run()
 8 SYSTEMPATH/Boot.php(67): CodeIgniter\Boot::runCodeIgniter(Object(CodeIgniter\CodeIgniter))
 9 FCPATH/index.php(57): CodeIgniter\Boot::bootWeb(Object(Config\Paths))
10 SYSTEMPATH/Commands/Server/rewrite.php(49): require_once('/Users/unaibueno/Desktop/Mond/public/index.php')
CRITICAL - 2024-05-16 20:12:56 --> ErrorException: Uncaught Error: Call to undefined method CodeIgniter\Debug\ExceptionHandler::cleanPath() in /Users/unaibueno/Desktop/Mond/app/Views/errors/html/error_exception.php:33
Stack trace:
#0 /Users/unaibueno/Desktop/Mond/system/Debug/BaseExceptionHandler.php(266): include()
#1 /Users/unaibueno/Desktop/Mond/system/Debug/BaseExceptionHandler.php(269): CodeIgniter\Debug\BaseExceptionHandler->CodeIgniter\Debug\{closure}()
#2 /Users/unaibueno/Desktop/Mond/system/Debug/ExceptionHandler.php(114): CodeIgniter\Debug\BaseExceptionHandler->render(Object(CodeIgniter\Database\Exceptions\DatabaseException), 500, '/Users/unaibuen...')
#3 /Users/unaibueno/Desktop/Mond/system/Debug/Exceptions.php(163): CodeIgniter\Debug\ExceptionHandler->handle(Object(CodeIgniter\Database\Exceptions\DatabaseException), Object(CodeIgniter\HTTP\IncomingRequest), Object(CodeIgniter\HTTP\Response), 500, 8)
#4 [internal function]: CodeIgniter\Debug\Exceptions->exceptionHandler(Object(CodeIgniter\Database\Exceptions\DatabaseException))
#5 {main}
  thrown
【Previous Exception】
CodeIgniter\Database\Exceptions\DatabaseException
You must set the database table to be used with your query.
#0 /Users/unaibueno/Desktop/Mond/system/Model.php(705): CodeIgniter\Database\BaseConnection->table(NULL)
#1 /Users/unaibueno/Desktop/Mond/system/Model.php(911): CodeIgniter\Model->builder()
#2 /Users/unaibueno/Desktop/Mond/app/Controllers/TareasController.php(24): CodeIgniter\Model->__call('getTareas', Array)
#3 /Users/unaibueno/Desktop/Mond/system/CodeIgniter.php(933): App\Controllers\TareasController->index()
#4 /Users/unaibueno/Desktop/Mond/system/CodeIgniter.php(509): CodeIgniter\CodeIgniter->runController(Object(App\Controllers\TareasController))
#5 /Users/unaibueno/Desktop/Mond/system/CodeIgniter.php(355): CodeIgniter\CodeIgniter->handleRequest(NULL, Object(Config\Cache), false)
#6 /Users/unaibueno/Desktop/Mond/system/Boot.php(312): CodeIgniter\CodeIgniter->run()
#7 /Users/unaibueno/Desktop/Mond/system/Boot.php(67): CodeIgniter\Boot::runCodeIgniter(Object(CodeIgniter\CodeIgniter))
#8 /Users/unaibueno/Desktop/Mond/public/index.php(57): CodeIgniter\Boot::bootWeb(Object(Config\Paths))
#9 /Users/unaibueno/Desktop/Mond/system/Commands/Server/rewrite.php(49): require_once('/Users/unaibuen...')
#10 {main}
[Method: GET, Route: tareas]
in APPPATH/Views/errors/html/error_exception.php on line 33.
 1 [internal function]: CodeIgniter\Debug\Exceptions->shutdownHandler()
CRITICAL - 2024-05-16 20:12:57 --> CodeIgniter\Database\Exceptions\DatabaseException: You must set the database table to be used with your query.
[Method: GET, Route: tareas]
in SYSTEMPATH/Database/BaseConnection.php on line 913.
 1 SYSTEMPATH/Model.php(705): CodeIgniter\Database\BaseConnection->table(null)
 2 SYSTEMPATH/Model.php(911): CodeIgniter\Model->builder()
 3 APPPATH/Controllers/TareasController.php(24): CodeIgniter\Model->__call('getTareas', [])
 4 SYSTEMPATH/CodeIgniter.php(933): App\Controllers\TareasController->index()
 5 SYSTEMPATH/CodeIgniter.php(509): CodeIgniter\CodeIgniter->runController(Object(App\Controllers\TareasController))
 6 SYSTEMPATH/CodeIgniter.php(355): CodeIgniter\CodeIgniter->handleRequest(null, Object(Config\Cache), false)
 7 SYSTEMPATH/Boot.php(312): CodeIgniter\CodeIgniter->run()
 8 SYSTEMPATH/Boot.php(67): CodeIgniter\Boot::runCodeIgniter(Object(CodeIgniter\CodeIgniter))
 9 FCPATH/index.php(57): CodeIgniter\Boot::bootWeb(Object(Config\Paths))
10 SYSTEMPATH/Commands/Server/rewrite.php(49): require_once('/Users/unaibueno/Desktop/Mond/public/index.php')
CRITICAL - 2024-05-16 20:12:57 --> ErrorException: Uncaught Error: Call to undefined method CodeIgniter\Debug\ExceptionHandler::cleanPath() in /Users/unaibueno/Desktop/Mond/app/Views/errors/html/error_exception.php:33
Stack trace:
#0 /Users/unaibueno/Desktop/Mond/system/Debug/BaseExceptionHandler.php(266): include()
#1 /Users/unaibueno/Desktop/Mond/system/Debug/BaseExceptionHandler.php(269): CodeIgniter\Debug\BaseExceptionHandler->CodeIgniter\Debug\{closure}()
#2 /Users/unaibueno/Desktop/Mond/system/Debug/ExceptionHandler.php(114): CodeIgniter\Debug\BaseExceptionHandler->render(Object(CodeIgniter\Database\Exceptions\DatabaseException), 500, '/Users/unaibuen...')
#3 /Users/unaibueno/Desktop/Mond/system/Debug/Exceptions.php(163): CodeIgniter\Debug\ExceptionHandler->handle(Object(CodeIgniter\Database\Exceptions\DatabaseException), Object(CodeIgniter\HTTP\IncomingRequest), Object(CodeIgniter\HTTP\Response), 500, 8)
#4 [internal function]: CodeIgniter\Debug\Exceptions->exceptionHandler(Object(CodeIgniter\Database\Exceptions\DatabaseException))
#5 {main}
  thrown
【Previous Exception】
CodeIgniter\Database\Exceptions\DatabaseException
You must set the database table to be used with your query.
#0 /Users/unaibueno/Desktop/Mond/system/Model.php(705): CodeIgniter\Database\BaseConnection->table(NULL)
#1 /Users/unaibueno/Desktop/Mond/system/Model.php(911): CodeIgniter\Model->builder()
#2 /Users/unaibueno/Desktop/Mond/app/Controllers/TareasController.php(24): CodeIgniter\Model->__call('getTareas', Array)
#3 /Users/unaibueno/Desktop/Mond/system/CodeIgniter.php(933): App\Controllers\TareasController->index()
#4 /Users/unaibueno/Desktop/Mond/system/CodeIgniter.php(509): CodeIgniter\CodeIgniter->runController(Object(App\Controllers\TareasController))
#5 /Users/unaibueno/Desktop/Mond/system/CodeIgniter.php(355): CodeIgniter\CodeIgniter->handleRequest(NULL, Object(Config\Cache), false)
#6 /Users/unaibueno/Desktop/Mond/system/Boot.php(312): CodeIgniter\CodeIgniter->run()
#7 /Users/unaibueno/Desktop/Mond/system/Boot.php(67): CodeIgniter\Boot::runCodeIgniter(Object(CodeIgniter\CodeIgniter))
#8 /Users/unaibueno/Desktop/Mond/public/index.php(57): CodeIgniter\Boot::bootWeb(Object(Config\Paths))
#9 /Users/unaibueno/Desktop/Mond/system/Commands/Server/rewrite.php(49): require_once('/Users/unaibuen...')
#10 {main}
[Method: GET, Route: tareas]
in APPPATH/Views/errors/html/error_exception.php on line 33.
 1 [internal function]: CodeIgniter\Debug\Exceptions->shutdownHandler()
CRITICAL - 2024-05-16 20:13:15 --> CodeIgniter\Database\Exceptions\DatabaseException: You must set the database table to be used with your query.
[Method: GET, Route: tareas]
in SYSTEMPATH/Database/BaseConnection.php on line 913.
 1 SYSTEMPATH/Model.php(705): CodeIgniter\Database\BaseConnection->table(null)
 2 SYSTEMPATH/Model.php(911): CodeIgniter\Model->builder()
 3 APPPATH/Controllers/TareasController.php(24): CodeIgniter\Model->__call('getTareas', [])
 4 SYSTEMPATH/CodeIgniter.php(933): App\Controllers\TareasController->index()
 5 SYSTEMPATH/CodeIgniter.php(509): CodeIgniter\CodeIgniter->runController(Object(App\Controllers\TareasController))
 6 SYSTEMPATH/CodeIgniter.php(355): CodeIgniter\CodeIgniter->handleRequest(null, Object(Config\Cache), false)
 7 SYSTEMPATH/Boot.php(312): CodeIgniter\CodeIgniter->run()
 8 SYSTEMPATH/Boot.php(67): CodeIgniter\Boot::runCodeIgniter(Object(CodeIgniter\CodeIgniter))
 9 FCPATH/index.php(57): CodeIgniter\Boot::bootWeb(Object(Config\Paths))
10 SYSTEMPATH/Commands/Server/rewrite.php(49): require_once('/Users/unaibueno/Desktop/Mond/public/index.php')
CRITICAL - 2024-05-16 20:13:15 --> ErrorException: Uncaught Error: Call to undefined method CodeIgniter\Debug\ExceptionHandler::cleanPath() in /Users/unaibueno/Desktop/Mond/app/Views/errors/html/error_exception.php:33
Stack trace:
#0 /Users/unaibueno/Desktop/Mond/system/Debug/BaseExceptionHandler.php(266): include()
#1 /Users/unaibueno/Desktop/Mond/system/Debug/BaseExceptionHandler.php(269): CodeIgniter\Debug\BaseExceptionHandler->CodeIgniter\Debug\{closure}()
#2 /Users/unaibueno/Desktop/Mond/system/Debug/ExceptionHandler.php(114): CodeIgniter\Debug\BaseExceptionHandler->render(Object(CodeIgniter\Database\Exceptions\DatabaseException), 500, '/Users/unaibuen...')
#3 /Users/unaibueno/Desktop/Mond/system/Debug/Exceptions.php(163): CodeIgniter\Debug\ExceptionHandler->handle(Object(CodeIgniter\Database\Exceptions\DatabaseException), Object(CodeIgniter\HTTP\IncomingRequest), Object(CodeIgniter\HTTP\Response), 500, 8)
#4 [internal function]: CodeIgniter\Debug\Exceptions->exceptionHandler(Object(CodeIgniter\Database\Exceptions\DatabaseException))
#5 {main}
  thrown
【Previous Exception】
CodeIgniter\Database\Exceptions\DatabaseException
You must set the database table to be used with your query.
#0 /Users/unaibueno/Desktop/Mond/system/Model.php(705): CodeIgniter\Database\BaseConnection->table(NULL)
#1 /Users/unaibueno/Desktop/Mond/system/Model.php(911): CodeIgniter\Model->builder()
#2 /Users/unaibueno/Desktop/Mond/app/Controllers/TareasController.php(24): CodeIgniter\Model->__call('getTareas', Array)
#3 /Users/unaibueno/Desktop/Mond/system/CodeIgniter.php(933): App\Controllers\TareasController->index()
#4 /Users/unaibueno/Desktop/Mond/system/CodeIgniter.php(509): CodeIgniter\CodeIgniter->runController(Object(App\Controllers\TareasController))
#5 /Users/unaibueno/Desktop/Mond/system/CodeIgniter.php(355): CodeIgniter\CodeIgniter->handleRequest(NULL, Object(Config\Cache), false)
#6 /Users/unaibueno/Desktop/Mond/system/Boot.php(312): CodeIgniter\CodeIgniter->run()
#7 /Users/unaibueno/Desktop/Mond/system/Boot.php(67): CodeIgniter\Boot::runCodeIgniter(Object(CodeIgniter\CodeIgniter))
#8 /Users/unaibueno/Desktop/Mond/public/index.php(57): CodeIgniter\Boot::bootWeb(Object(Config\Paths))
#9 /Users/unaibueno/Desktop/Mond/system/Commands/Server/rewrite.php(49): require_once('/Users/unaibuen...')
#10 {main}
[Method: GET, Route: tareas]
in APPPATH/Views/errors/html/error_exception.php on line 33.
 1 [internal function]: CodeIgniter\Debug\Exceptions->shutdownHandler()
